#
# There is insufficient memory for the Java Runtime Environment to continue.
# Native memory allocation (malloc) failed to allocate 1260656 bytes for Chunk::new
# Possible reasons:
#   The system is out of physical RAM or swap space
#   The process is running with CompressedOops enabled, and the Java Heap may be blocking the growth of the native heap
# Possible solutions:
#   Reduce memory load on the system
#   Increase physical memory or swap space
#   Check if swap backing store is full
#   Decrease Java heap size (-Xmx/-Xms)
#   Decrease number of Java threads
#   Decrease Java thread stack sizes (-Xss)
#   Set larger code cache with -XX:ReservedCodeCacheSize=
#   JVM is running with Zero Based Compressed Oops mode in which the Java heap is
#     placed in the first 32GB address space. The Java Heap base address is the
#     maximum limit for the native heap growth. Please use -XX:HeapBaseMinAddress
#     to set the Java Heap base and to place the Java Heap above 32GB virtual address.
# This output file may be truncated or incomplete.
#
#  Out of Memory Error (arena.cpp:168), pid=182884, tid=193888
#
# JRE version: OpenJDK Runtime Environment (21.0.1+12) (build 21.0.1+12-29)
# Java VM: OpenJDK 64-Bit Server VM (21.0.1+12-29, mixed mode, sharing, tiered, compressed oops, compressed class ptrs, g1 gc, windows-amd64)
# No core dump will be written. Minidumps are not enabled by default on client versions of Windows
#

---------------  S U M M A R Y ------------

Command Line: -ea -Djunit.jupiter.execution.parallel.enabled=true -Djunit.jupiter.execution.parallel.mode.default=concurrent -Didea.test.cyclic.buffer.size=1048576 -javaagent:C:\Program Files\JetBrains\IntelliJ IDEA Community Edition 2023.1\lib\idea_rt.jar=57594:C:\Program Files\JetBrains\IntelliJ IDEA Community Edition 2023.1\bin -Dfile.encoding=UTF-8 -Dsun.stdout.encoding=UTF-8 -Dsun.stderr.encoding=UTF-8 com.intellij.rt.junit.JUnitStarter -ideVersion5 -junit5 @w@C:\Users\rafbac\AppData\Local\Temp\idea_working_dirs_junit.tmp @C:\Users\rafbac\AppData\Local\Temp\idea_junit.tmp

Host: Intel(R) Core(TM) i7-10750H CPU @ 2.60GHz, 12 cores, 31G,  Windows 11 , 64 bit Build 22621 (10.0.22621.3958)
Time: Wed Nov  6 15:22:49 2024  Windows 11 , 64 bit Build 22621 (10.0.22621.3958) elapsed time: 2.178650 seconds (0d 0h 0m 2s)

---------------  T H R E A D  ---------------

Current thread (0x0000027ed62caf50):  JavaThread "C2 CompilerThread2" daemon [_thread_in_native, id=193888, stack(0x000000b71f000000,0x000000b71f100000) (1024K)]


Current CompileTask:
C2:   2178 1967       4       org.junit.platform.commons.util.AnnotationUtils::findMetaAnnotation (84 bytes)

Stack: [0x000000b71f000000,0x000000b71f100000]
Native frames: (J=compiled Java code, j=interpreted, Vv=VM code, C=native code)
V  [jvm.dll+0x6c9029]
V  [jvm.dll+0x854b81]
V  [jvm.dll+0x856e5e]
V  [jvm.dll+0x857543]
V  [jvm.dll+0x280c06]
V  [jvm.dll+0xc3ead]
V  [jvm.dll+0xc43c3]
V  [jvm.dll+0x3b5732]
V  [jvm.dll+0x1e1ec3]
V  [jvm.dll+0x249c22]
V  [jvm.dll+0x2490b1]
V  [jvm.dll+0x1c9ca1]
V  [jvm.dll+0x2586b9]
V  [jvm.dll+0x256c9a]
V  [jvm.dll+0x3ef1b6]
V  [jvm.dll+0x7fd728]
V  [jvm.dll+0x6c777d]
C  [ucrtbase.dll+0x29333]
C  [KERNEL32.DLL+0x1257d]
C  [ntdll.dll+0x5af08]


---------------  P R O C E S S  ---------------

Threads class SMR info:
_java_thread_list=0x0000027ed683f540, length=38, elements={
0x0000027eafd55650, 0x0000027ed62b07c0, 0x0000027ed62b16e0, 0x0000027ed62b5c70,
0x0000027ed62b78e0, 0x0000027ed62ba350, 0x0000027ed62c2ba0, 0x0000027ed62c76a0,
0x0000027ed62ca1b0, 0x0000027ed638b230, 0x0000027ed65654e0, 0x0000027ed64b9510,
0x0000027ed62ca880, 0x0000027ed6ea65f0, 0x0000027ed68d6b10, 0x0000027ed68d7180,
0x0000027ed68d7c70, 0x0000027f1c0c4dc0, 0x0000027f1c0c5430, 0x0000027f1c326bc0,
0x0000027f1c325fb0, 0x0000027f1c324c00, 0x0000027f1c325920, 0x0000027f1c325290,
0x0000027f1c34d8f0, 0x0000027f1c34f330, 0x0000027f1c350d70, 0x0000027f1c351400,
0x0000027f1c34a470, 0x0000027f1c3506e0, 0x0000027f1c34cbd0, 0x0000027ed62caf50,
0x0000027f1c351a90, 0x0000027f1c350050, 0x0000027f1c34d260, 0x0000027f1c34ab00,
0x0000027f1c34b820, 0x0000027f1c34beb0
}

Java Threads: ( => current thread )
  0x0000027eafd55650 JavaThread "main"                              [_thread_blocked, id=185468, stack(0x000000b71cd00000,0x000000b71ce00000) (1024K)]
  0x0000027ed62b07c0 JavaThread "Reference Handler"          daemon [_thread_blocked, id=34092, stack(0x000000b71d500000,0x000000b71d600000) (1024K)]
  0x0000027ed62b16e0 JavaThread "Finalizer"                  daemon [_thread_blocked, id=192212, stack(0x000000b71d600000,0x000000b71d700000) (1024K)]
  0x0000027ed62b5c70 JavaThread "Signal Dispatcher"          daemon [_thread_blocked, id=48672, stack(0x000000b71d700000,0x000000b71d800000) (1024K)]
  0x0000027ed62b78e0 JavaThread "Attach Listener"            daemon [_thread_blocked, id=191392, stack(0x000000b71d800000,0x000000b71d900000) (1024K)]
  0x0000027ed62ba350 JavaThread "Service Thread"             daemon [_thread_blocked, id=185692, stack(0x000000b71d900000,0x000000b71da00000) (1024K)]
  0x0000027ed62c2ba0 JavaThread "Monitor Deflation Thread"   daemon [_thread_blocked, id=163304, stack(0x000000b71da00000,0x000000b71db00000) (1024K)]
  0x0000027ed62c76a0 JavaThread "C2 CompilerThread0"         daemon [_thread_blocked, id=176292, stack(0x000000b71db00000,0x000000b71dc00000) (1024K)]
  0x0000027ed62ca1b0 JavaThread "C1 CompilerThread0"         daemon [_thread_blocked, id=191724, stack(0x000000b71dc00000,0x000000b71dd00000) (1024K)]
  0x0000027ed638b230 JavaThread "Common-Cleaner"             daemon [_thread_blocked, id=194524, stack(0x000000b71dd00000,0x000000b71de00000) (1024K)]
  0x0000027ed65654e0 JavaThread "Monitor Ctrl-Break"         daemon [_thread_in_native, id=165068, stack(0x000000b71de00000,0x000000b71df00000) (1024K)]
  0x0000027ed64b9510 JavaThread "Notification Thread"        daemon [_thread_blocked, id=160348, stack(0x000000b71df00000,0x000000b71e000000) (1024K)]
  0x0000027ed62ca880 JavaThread "C2 CompilerThread1"         daemon [_thread_blocked, id=157756, stack(0x000000b71e000000,0x000000b71e100000) (1024K)]
  0x0000027ed6ea65f0 JavaThread "ForkJoinPool-1-worker-1"    daemon [_thread_in_native, id=193924, stack(0x000000b71e100000,0x000000b71e200000) (1024K)]
  0x0000027ed68d6b10 JavaThread "ForkJoinPool-1-worker-2"    daemon [_thread_in_native, id=192684, stack(0x000000b71e200000,0x000000b71e300000) (1024K)]
  0x0000027ed68d7180 JavaThread "ForkJoinPool-1-worker-3"    daemon [_thread_in_native, id=162328, stack(0x000000b71e300000,0x000000b71e400000) (1024K)]
  0x0000027ed68d7c70 JavaThread "ForkJoinPool-1-worker-4"    daemon [_thread_in_native, id=189084, stack(0x000000b71e400000,0x000000b71e500000) (1024K)]
  0x0000027f1c0c4dc0 JavaThread "ForkJoinPool-1-worker-5"    daemon [_thread_in_native, id=154736, stack(0x000000b71e500000,0x000000b71e600000) (1024K)]
  0x0000027f1c0c5430 JavaThread "ForkJoinPool-1-worker-6"    daemon [_thread_in_native, id=171332, stack(0x000000b71e600000,0x000000b71e700000) (1024K)]
  0x0000027f1c326bc0 JavaThread "ForkJoinPool-1-worker-7"    daemon [_thread_in_native, id=192936, stack(0x000000b71f100000,0x000000b71f200000) (1024K)]
  0x0000027f1c325fb0 JavaThread "ForkJoinPool-1-worker-8"    daemon [_thread_in_native, id=193664, stack(0x000000b71f200000,0x000000b71f300000) (1024K)]
  0x0000027f1c324c00 JavaThread "ForkJoinPool-1-worker-9"    daemon [_thread_in_native, id=176672, stack(0x000000b71f300000,0x000000b71f400000) (1024K)]
  0x0000027f1c325920 JavaThread "ForkJoinPool-1-worker-10"   daemon [_thread_in_native, id=130192, stack(0x000000b71f400000,0x000000b71f500000) (1024K)]
  0x0000027f1c325290 JavaThread "ForkJoinPool-1-worker-11"   daemon [_thread_in_native, id=190100, stack(0x000000b71f500000,0x000000b71f600000) (1024K)]
  0x0000027f1c34d8f0 JavaThread "ForkJoinPool-1-worker-12"   daemon [_thread_in_native, id=59924, stack(0x000000b71f600000,0x000000b71f700000) (1024K)]
  0x0000027f1c34f330 JavaThread "External Process Output Forwarder - C:\Users\rafbac\.cache\selenium\manager\0.4.19\selenium-manager.exe" daemon [_thread_in_native, id=193896, stack(0x000000b71f800000,0x000000b71f900000) (1024K)]
  0x0000027f1c350d70 JavaThread "External Process Output Forwarder - C:\Users\rafbac\.cache\selenium\manager\0.4.19\selenium-manager.exe" daemon [_thread_in_native, id=192168, stack(0x000000b71fa00000,0x000000b71fb00000) (1024K)]
  0x0000027f1c351400 JavaThread "External Process Output Forwarder - C:\Users\rafbac\.cache\selenium\manager\0.4.19\selenium-manager.exe" daemon [_thread_in_native, id=154524, stack(0x000000b71fb00000,0x000000b71fc00000) (1024K)]
  0x0000027f1c34a470 JavaThread "External Process Output Forwarder - C:\Users\rafbac\.cache\selenium\manager\0.4.19\selenium-manager.exe" daemon [_thread_in_native, id=11180, stack(0x000000b71fc00000,0x000000b71fd00000) (1024K)]
  0x0000027f1c3506e0 JavaThread "External Process Output Forwarder - C:\Users\rafbac\.cache\selenium\manager\0.4.19\selenium-manager.exe" daemon [_thread_in_native, id=191884, stack(0x000000b71fd00000,0x000000b71fe00000) (1024K)]
  0x0000027f1c34cbd0 JavaThread "External Process Output Forwarder - C:\Users\rafbac\.cache\selenium\manager\0.4.19\selenium-manager.exe" daemon [_thread_in_native, id=192028, stack(0x000000b71ff00000,0x000000b720000000) (1024K)]
=>0x0000027ed62caf50 JavaThread "C2 CompilerThread2"         daemon [_thread_in_native, id=193888, stack(0x000000b71f000000,0x000000b71f100000) (1024K)]
  0x0000027f1c351a90 JavaThread "External Process Output Forwarder - C:\Users\rafbac\.cache\selenium\manager\0.4.19\selenium-manager.exe" daemon [_thread_in_native, id=193844, stack(0x000000b71f700000,0x000000b71f800000) (1024K)]
  0x0000027f1c350050 JavaThread "External Process Output Forwarder - C:\Users\rafbac\.cache\selenium\manager\0.4.19\selenium-manager.exe" daemon [_thread_in_native, id=194028, stack(0x000000b71f900000,0x000000b71fa00000) (1024K)]
  0x0000027f1c34d260 JavaThread "External Process Output Forwarder - C:\Users\rafbac\.cache\selenium\manager\0.4.19\selenium-manager.exe" daemon [_thread_in_native, id=168992, stack(0x000000b71fe00000,0x000000b71ff00000) (1024K)]
  0x0000027f1c34ab00 JavaThread "External Process Output Forwarder - C:\Users\rafbac\.cache\selenium\manager\0.4.19\selenium-manager.exe" daemon [_thread_in_native, id=191816, stack(0x000000b720000000,0x000000b720100000) (1024K)]
  0x0000027f1c34b820 JavaThread "External Process Output Forwarder - C:\Users\rafbac\.cache\selenium\manager\0.4.19\selenium-manager.exe" daemon [_thread_in_native, id=159604, stack(0x000000b720100000,0x000000b720200000) (1024K)]
  0x0000027f1c34beb0 JavaThread "External Process Output Forwarder - C:\Users\rafbac\.cache\selenium\manager\0.4.19\selenium-manager.exe" daemon [_thread_in_native, id=188372, stack(0x000000b720200000,0x000000b720300000) (1024K)]
Total: 38

Other Threads:
  0x0000027ed36be140 VMThread "VM Thread"                           [id=191848, stack(0x000000b71d400000,0x000000b71d500000) (1024K)]
  0x0000027ed36a8840 WatcherThread "VM Periodic Task Thread"        [id=187752, stack(0x000000b71d300000,0x000000b71d400000) (1024K)]
  0x0000027ed35105f0 WorkerThread "GC Thread#0"                     [id=177544, stack(0x000000b71ce00000,0x000000b71cf00000) (1024K)]
  0x0000027f1c184fe0 WorkerThread "GC Thread#1"                     [id=181732, stack(0x000000b71e700000,0x000000b71e800000) (1024K)]
  0x0000027f1c185380 WorkerThread "GC Thread#2"                     [id=179228, stack(0x000000b71e800000,0x000000b71e900000) (1024K)]
  0x0000027f1c185720 WorkerThread "GC Thread#3"                     [id=184412, stack(0x000000b71e900000,0x000000b71ea00000) (1024K)]
  0x0000027f1c185ac0 WorkerThread "GC Thread#4"                     [id=166812, stack(0x000000b71ea00000,0x000000b71eb00000) (1024K)]
  0x0000027f1c1862e0 WorkerThread "GC Thread#5"                     [id=191828, stack(0x000000b71eb00000,0x000000b71ec00000) (1024K)]
  0x0000027f1c186ea0 WorkerThread "GC Thread#6"                     [id=192688, stack(0x000000b71ec00000,0x000000b71ed00000) (1024K)]
  0x0000027f1c187240 WorkerThread "GC Thread#7"                     [id=192804, stack(0x000000b71ed00000,0x000000b71ee00000) (1024K)]
  0x0000027f1c188010 WorkerThread "GC Thread#8"                     [id=114104, stack(0x000000b71ee00000,0x000000b71ef00000) (1024K)]
  0x0000027f1c1883b0 WorkerThread "GC Thread#9"                     [id=193764, stack(0x000000b71ef00000,0x000000b71f000000) (1024K)]
  0x0000027eafdccf70 ConcurrentGCThread "G1 Main Marker"            [id=177084, stack(0x000000b71cf00000,0x000000b71d000000) (1024K)]
  0x0000027eafdce120 WorkerThread "G1 Conc#0"                       [id=192536, stack(0x000000b71d000000,0x000000b71d100000) (1024K)]
  0x0000027ed357b290 ConcurrentGCThread "G1 Refine#0"               [id=173412, stack(0x000000b71d100000,0x000000b71d200000) (1024K)]
  0x0000027ed357be00 ConcurrentGCThread "G1 Service"                [id=175704, stack(0x000000b71d200000,0x000000b71d300000) (1024K)]
Total: 16

Threads with active compile tasks:
C2 CompilerThread2     2228 1967       4       org.junit.platform.commons.util.AnnotationUtils::findMetaAnnotation (84 bytes)
Total: 1

VM state: not at safepoint (normal execution)

VM Mutex/Monitor currently owned by a thread: None

Heap address: 0x0000000605800000, size: 8104 MB, Compressed Oops mode: Zero based, Oop shift amount: 3

CDS archive(s) mapped at: [0x0000027ed7000000-0x0000027ed7c90000-0x0000027ed7c90000), size 13172736, SharedBaseAddress: 0x0000027ed7000000, ArchiveRelocationMode: 1.
Compressed class space mapped at: 0x0000027ed8000000-0x0000027f18000000, reserved size: 1073741824
Narrow klass base: 0x0000027ed7000000, Narrow klass shift: 0, Narrow klass range: 0x100000000

GC Precious Log:
 CardTable entry size: 512
 Card Set container configuration: InlinePtr #cards 4 size 8 Array Of Cards #cards 32 size 80 Howl #buckets 8 coarsen threshold 7372 Howl Bitmap #cards 1024 size 144 coarsen threshold 921 Card regions per heap region 1 cards per card region 8192
 CPUs: 12 total, 12 available
 Memory: 32401M
 Large Page Support: Disabled
 NUMA Support: Disabled
 Compressed Oops: Enabled (Zero based)
 Heap Region Size: 4M
 Heap Min Capacity: 8M
 Heap Initial Capacity: 508M
 Heap Max Capacity: 8104M
 Pre-touch: Disabled
 Parallel Workers: 10
 Concurrent Workers: 3
 Concurrent Refinement Workers: 10
 Periodic GC: Disabled

Heap:
 garbage-first heap   total 520192K, used 53181K [0x0000000605800000, 0x0000000800000000)
  region size 4096K, 8 young (32768K), 1 survivors (4096K)
 Metaspace       used 9757K, committed 10112K, reserved 1114112K
  class space    used 1645K, committed 1792K, reserved 1048576K

Heap Regions: E=young(eden), S=young(survivor), O=old, HS=humongous(starts), HC=humongous(continues), CS=collection set, F=free, TAMS=top-at-mark-start, PB=parsable bottom
|   0|0x0000000605800000, 0x0000000605c00000, 0x0000000605c00000|100%|HS|  |TAMS 0x0000000605800000| PB 0x0000000605800000| Complete 
|   1|0x0000000605c00000, 0x0000000606000000, 0x0000000606000000|100%|HS|  |TAMS 0x0000000605c00000| PB 0x0000000605c00000| Complete 
|   2|0x0000000606000000, 0x0000000606400000, 0x0000000606400000|100%|HS|  |TAMS 0x0000000606000000| PB 0x0000000606000000| Complete 
|   3|0x0000000606400000, 0x0000000606800000, 0x0000000606800000|100%|HS|  |TAMS 0x0000000606400000| PB 0x0000000606400000| Complete 
|   4|0x0000000606800000, 0x0000000606c00000, 0x0000000606c00000|100%|HS|  |TAMS 0x0000000606800000| PB 0x0000000606800000| Complete 
|   5|0x0000000606c00000, 0x0000000607000000, 0x0000000607000000|100%|HS|  |TAMS 0x0000000606c00000| PB 0x0000000606c00000| Complete 
|   6|0x0000000607000000, 0x0000000607000000, 0x0000000607400000|  0%| F|  |TAMS 0x0000000607000000| PB 0x0000000607000000| Untracked 
|   7|0x0000000607400000, 0x0000000607400000, 0x0000000607800000|  0%| F|  |TAMS 0x0000000607400000| PB 0x0000000607400000| Untracked 
|   8|0x0000000607800000, 0x0000000607800000, 0x0000000607c00000|  0%| F|  |TAMS 0x0000000607800000| PB 0x0000000607800000| Untracked 
|   9|0x0000000607c00000, 0x0000000607c00000, 0x0000000608000000|  0%| F|  |TAMS 0x0000000607c00000| PB 0x0000000607c00000| Untracked 
|  10|0x0000000608000000, 0x0000000608000000, 0x0000000608400000|  0%| F|  |TAMS 0x0000000608000000| PB 0x0000000608000000| Untracked 
|  11|0x0000000608400000, 0x0000000608400000, 0x0000000608800000|  0%| F|  |TAMS 0x0000000608400000| PB 0x0000000608400000| Untracked 
|  12|0x0000000608800000, 0x0000000608800000, 0x0000000608c00000|  0%| F|  |TAMS 0x0000000608800000| PB 0x0000000608800000| Untracked 
|  13|0x0000000608c00000, 0x0000000608c00000, 0x0000000609000000|  0%| F|  |TAMS 0x0000000608c00000| PB 0x0000000608c00000| Untracked 
|  14|0x0000000609000000, 0x0000000609000000, 0x0000000609400000|  0%| F|  |TAMS 0x0000000609000000| PB 0x0000000609000000| Untracked 
|  15|0x0000000609400000, 0x0000000609400000, 0x0000000609800000|  0%| F|  |TAMS 0x0000000609400000| PB 0x0000000609400000| Untracked 
|  16|0x0000000609800000, 0x0000000609800000, 0x0000000609c00000|  0%| F|  |TAMS 0x0000000609800000| PB 0x0000000609800000| Untracked 
|  17|0x0000000609c00000, 0x0000000609c00000, 0x000000060a000000|  0%| F|  |TAMS 0x0000000609c00000| PB 0x0000000609c00000| Untracked 
|  18|0x000000060a000000, 0x000000060a000000, 0x000000060a400000|  0%| F|  |TAMS 0x000000060a000000| PB 0x000000060a000000| Untracked 
|  19|0x000000060a400000, 0x000000060a400000, 0x000000060a800000|  0%| F|  |TAMS 0x000000060a400000| PB 0x000000060a400000| Untracked 
|  20|0x000000060a800000, 0x000000060a800000, 0x000000060ac00000|  0%| F|  |TAMS 0x000000060a800000| PB 0x000000060a800000| Untracked 
|  21|0x000000060ac00000, 0x000000060ac00000, 0x000000060b000000|  0%| F|  |TAMS 0x000000060ac00000| PB 0x000000060ac00000| Untracked 
|  22|0x000000060b000000, 0x000000060b000000, 0x000000060b400000|  0%| F|  |TAMS 0x000000060b000000| PB 0x000000060b000000| Untracked 
|  23|0x000000060b400000, 0x000000060b400000, 0x000000060b800000|  0%| F|  |TAMS 0x000000060b400000| PB 0x000000060b400000| Untracked 
|  24|0x000000060b800000, 0x000000060b800000, 0x000000060bc00000|  0%| F|  |TAMS 0x000000060b800000| PB 0x000000060b800000| Untracked 
|  25|0x000000060bc00000, 0x000000060bc00000, 0x000000060c000000|  0%| F|  |TAMS 0x000000060bc00000| PB 0x000000060bc00000| Untracked 
|  26|0x000000060c000000, 0x000000060c000000, 0x000000060c400000|  0%| F|  |TAMS 0x000000060c000000| PB 0x000000060c000000| Untracked 
|  27|0x000000060c400000, 0x000000060c400000, 0x000000060c800000|  0%| F|  |TAMS 0x000000060c400000| PB 0x000000060c400000| Untracked 
|  28|0x000000060c800000, 0x000000060c800000, 0x000000060cc00000|  0%| F|  |TAMS 0x000000060c800000| PB 0x000000060c800000| Untracked 
|  29|0x000000060cc00000, 0x000000060cc00000, 0x000000060d000000|  0%| F|  |TAMS 0x000000060cc00000| PB 0x000000060cc00000| Untracked 
|  30|0x000000060d000000, 0x000000060d000000, 0x000000060d400000|  0%| F|  |TAMS 0x000000060d000000| PB 0x000000060d000000| Untracked 
|  31|0x000000060d400000, 0x000000060d400000, 0x000000060d800000|  0%| F|  |TAMS 0x000000060d400000| PB 0x000000060d400000| Untracked 
|  32|0x000000060d800000, 0x000000060d800000, 0x000000060dc00000|  0%| F|  |TAMS 0x000000060d800000| PB 0x000000060d800000| Untracked 
|  33|0x000000060dc00000, 0x000000060dc00000, 0x000000060e000000|  0%| F|  |TAMS 0x000000060dc00000| PB 0x000000060dc00000| Untracked 
|  34|0x000000060e000000, 0x000000060e000000, 0x000000060e400000|  0%| F|  |TAMS 0x000000060e000000| PB 0x000000060e000000| Untracked 
|  35|0x000000060e400000, 0x000000060e400000, 0x000000060e800000|  0%| F|  |TAMS 0x000000060e400000| PB 0x000000060e400000| Untracked 
|  36|0x000000060e800000, 0x000000060e800000, 0x000000060ec00000|  0%| F|  |TAMS 0x000000060e800000| PB 0x000000060e800000| Untracked 
|  37|0x000000060ec00000, 0x000000060ec00000, 0x000000060f000000|  0%| F|  |TAMS 0x000000060ec00000| PB 0x000000060ec00000| Untracked 
|  38|0x000000060f000000, 0x000000060f000000, 0x000000060f400000|  0%| F|  |TAMS 0x000000060f000000| PB 0x000000060f000000| Untracked 
|  39|0x000000060f400000, 0x000000060f400000, 0x000000060f800000|  0%| F|  |TAMS 0x000000060f400000| PB 0x000000060f400000| Untracked 
|  40|0x000000060f800000, 0x000000060f800000, 0x000000060fc00000|  0%| F|  |TAMS 0x000000060f800000| PB 0x000000060f800000| Untracked 
|  41|0x000000060fc00000, 0x000000060fc00000, 0x0000000610000000|  0%| F|  |TAMS 0x000000060fc00000| PB 0x000000060fc00000| Untracked 
|  42|0x0000000610000000, 0x0000000610000000, 0x0000000610400000|  0%| F|  |TAMS 0x0000000610000000| PB 0x0000000610000000| Untracked 
|  43|0x0000000610400000, 0x0000000610400000, 0x0000000610800000|  0%| F|  |TAMS 0x0000000610400000| PB 0x0000000610400000| Untracked 
|  44|0x0000000610800000, 0x0000000610800000, 0x0000000610c00000|  0%| F|  |TAMS 0x0000000610800000| PB 0x0000000610800000| Untracked 
|  45|0x0000000610c00000, 0x0000000610c00000, 0x0000000611000000|  0%| F|  |TAMS 0x0000000610c00000| PB 0x0000000610c00000| Untracked 
|  46|0x0000000611000000, 0x0000000611000000, 0x0000000611400000|  0%| F|  |TAMS 0x0000000611000000| PB 0x0000000611000000| Untracked 
|  47|0x0000000611400000, 0x0000000611400000, 0x0000000611800000|  0%| F|  |TAMS 0x0000000611400000| PB 0x0000000611400000| Untracked 
|  48|0x0000000611800000, 0x0000000611800000, 0x0000000611c00000|  0%| F|  |TAMS 0x0000000611800000| PB 0x0000000611800000| Untracked 
|  49|0x0000000611c00000, 0x0000000611c00000, 0x0000000612000000|  0%| F|  |TAMS 0x0000000611c00000| PB 0x0000000611c00000| Untracked 
|  50|0x0000000612000000, 0x0000000612000000, 0x0000000612400000|  0%| F|  |TAMS 0x0000000612000000| PB 0x0000000612000000| Untracked 
|  51|0x0000000612400000, 0x0000000612400000, 0x0000000612800000|  0%| F|  |TAMS 0x0000000612400000| PB 0x0000000612400000| Untracked 
|  52|0x0000000612800000, 0x0000000612800000, 0x0000000612c00000|  0%| F|  |TAMS 0x0000000612800000| PB 0x0000000612800000| Untracked 
|  53|0x0000000612c00000, 0x0000000612c00000, 0x0000000613000000|  0%| F|  |TAMS 0x0000000612c00000| PB 0x0000000612c00000| Untracked 
|  54|0x0000000613000000, 0x0000000613000000, 0x0000000613400000|  0%| F|  |TAMS 0x0000000613000000| PB 0x0000000613000000| Untracked 
|  55|0x0000000613400000, 0x0000000613400000, 0x0000000613800000|  0%| F|  |TAMS 0x0000000613400000| PB 0x0000000613400000| Untracked 
|  56|0x0000000613800000, 0x0000000613800000, 0x0000000613c00000|  0%| F|  |TAMS 0x0000000613800000| PB 0x0000000613800000| Untracked 
|  57|0x0000000613c00000, 0x0000000613c00000, 0x0000000614000000|  0%| F|  |TAMS 0x0000000613c00000| PB 0x0000000613c00000| Untracked 
|  58|0x0000000614000000, 0x0000000614000000, 0x0000000614400000|  0%| F|  |TAMS 0x0000000614000000| PB 0x0000000614000000| Untracked 
|  59|0x0000000614400000, 0x0000000614400000, 0x0000000614800000|  0%| F|  |TAMS 0x0000000614400000| PB 0x0000000614400000| Untracked 
|  60|0x0000000614800000, 0x0000000614800000, 0x0000000614c00000|  0%| F|  |TAMS 0x0000000614800000| PB 0x0000000614800000| Untracked 
|  61|0x0000000614c00000, 0x0000000614c00000, 0x0000000615000000|  0%| F|  |TAMS 0x0000000614c00000| PB 0x0000000614c00000| Untracked 
|  62|0x0000000615000000, 0x0000000615000000, 0x0000000615400000|  0%| F|  |TAMS 0x0000000615000000| PB 0x0000000615000000| Untracked 
|  63|0x0000000615400000, 0x0000000615400000, 0x0000000615800000|  0%| F|  |TAMS 0x0000000615400000| PB 0x0000000615400000| Untracked 
|  64|0x0000000615800000, 0x0000000615800000, 0x0000000615c00000|  0%| F|  |TAMS 0x0000000615800000| PB 0x0000000615800000| Untracked 
|  65|0x0000000615c00000, 0x0000000615c00000, 0x0000000616000000|  0%| F|  |TAMS 0x0000000615c00000| PB 0x0000000615c00000| Untracked 
|  66|0x0000000616000000, 0x0000000616000000, 0x0000000616400000|  0%| F|  |TAMS 0x0000000616000000| PB 0x0000000616000000| Untracked 
|  67|0x0000000616400000, 0x0000000616400000, 0x0000000616800000|  0%| F|  |TAMS 0x0000000616400000| PB 0x0000000616400000| Untracked 
|  68|0x0000000616800000, 0x0000000616800000, 0x0000000616c00000|  0%| F|  |TAMS 0x0000000616800000| PB 0x0000000616800000| Untracked 
|  69|0x0000000616c00000, 0x0000000616c00000, 0x0000000617000000|  0%| F|  |TAMS 0x0000000616c00000| PB 0x0000000616c00000| Untracked 
|  70|0x0000000617000000, 0x0000000617000000, 0x0000000617400000|  0%| F|  |TAMS 0x0000000617000000| PB 0x0000000617000000| Untracked 
|  71|0x0000000617400000, 0x0000000617400000, 0x0000000617800000|  0%| F|  |TAMS 0x0000000617400000| PB 0x0000000617400000| Untracked 
|  72|0x0000000617800000, 0x0000000617800000, 0x0000000617c00000|  0%| F|  |TAMS 0x0000000617800000| PB 0x0000000617800000| Untracked 
|  73|0x0000000617c00000, 0x0000000617c00000, 0x0000000618000000|  0%| F|  |TAMS 0x0000000617c00000| PB 0x0000000617c00000| Untracked 
|  74|0x0000000618000000, 0x0000000618000000, 0x0000000618400000|  0%| F|  |TAMS 0x0000000618000000| PB 0x0000000618000000| Untracked 
|  75|0x0000000618400000, 0x0000000618400000, 0x0000000618800000|  0%| F|  |TAMS 0x0000000618400000| PB 0x0000000618400000| Untracked 
|  76|0x0000000618800000, 0x0000000618800000, 0x0000000618c00000|  0%| F|  |TAMS 0x0000000618800000| PB 0x0000000618800000| Untracked 
|  77|0x0000000618c00000, 0x0000000618c00000, 0x0000000619000000|  0%| F|  |TAMS 0x0000000618c00000| PB 0x0000000618c00000| Untracked 
|  78|0x0000000619000000, 0x0000000619000000, 0x0000000619400000|  0%| F|  |TAMS 0x0000000619000000| PB 0x0000000619000000| Untracked 
|  79|0x0000000619400000, 0x0000000619400000, 0x0000000619800000|  0%| F|  |TAMS 0x0000000619400000| PB 0x0000000619400000| Untracked 
|  80|0x0000000619800000, 0x0000000619800000, 0x0000000619c00000|  0%| F|  |TAMS 0x0000000619800000| PB 0x0000000619800000| Untracked 
|  81|0x0000000619c00000, 0x0000000619c00000, 0x000000061a000000|  0%| F|  |TAMS 0x0000000619c00000| PB 0x0000000619c00000| Untracked 
|  82|0x000000061a000000, 0x000000061a000000, 0x000000061a400000|  0%| F|  |TAMS 0x000000061a000000| PB 0x000000061a000000| Untracked 
|  83|0x000000061a400000, 0x000000061a400000, 0x000000061a800000|  0%| F|  |TAMS 0x000000061a400000| PB 0x000000061a400000| Untracked 
|  84|0x000000061a800000, 0x000000061a800000, 0x000000061ac00000|  0%| F|  |TAMS 0x000000061a800000| PB 0x000000061a800000| Untracked 
|  85|0x000000061ac00000, 0x000000061ac00000, 0x000000061b000000|  0%| F|  |TAMS 0x000000061ac00000| PB 0x000000061ac00000| Untracked 
|  86|0x000000061b000000, 0x000000061b000000, 0x000000061b400000|  0%| F|  |TAMS 0x000000061b000000| PB 0x000000061b000000| Untracked 
|  87|0x000000061b400000, 0x000000061b400000, 0x000000061b800000|  0%| F|  |TAMS 0x000000061b400000| PB 0x000000061b400000| Untracked 
|  88|0x000000061b800000, 0x000000061b800000, 0x000000061bc00000|  0%| F|  |TAMS 0x000000061b800000| PB 0x000000061b800000| Untracked 
|  89|0x000000061bc00000, 0x000000061bc00000, 0x000000061c000000|  0%| F|  |TAMS 0x000000061bc00000| PB 0x000000061bc00000| Untracked 
|  90|0x000000061c000000, 0x000000061c000000, 0x000000061c400000|  0%| F|  |TAMS 0x000000061c000000| PB 0x000000061c000000| Untracked 
|  91|0x000000061c400000, 0x000000061c400000, 0x000000061c800000|  0%| F|  |TAMS 0x000000061c400000| PB 0x000000061c400000| Untracked 
|  92|0x000000061c800000, 0x000000061c800000, 0x000000061cc00000|  0%| F|  |TAMS 0x000000061c800000| PB 0x000000061c800000| Untracked 
|  93|0x000000061cc00000, 0x000000061cc00000, 0x000000061d000000|  0%| F|  |TAMS 0x000000061cc00000| PB 0x000000061cc00000| Untracked 
|  94|0x000000061d000000, 0x000000061d000000, 0x000000061d400000|  0%| F|  |TAMS 0x000000061d000000| PB 0x000000061d000000| Untracked 
|  95|0x000000061d400000, 0x000000061d400000, 0x000000061d800000|  0%| F|  |TAMS 0x000000061d400000| PB 0x000000061d400000| Untracked 
|  96|0x000000061d800000, 0x000000061d800000, 0x000000061dc00000|  0%| F|  |TAMS 0x000000061d800000| PB 0x000000061d800000| Untracked 
|  97|0x000000061dc00000, 0x000000061dc00000, 0x000000061e000000|  0%| F|  |TAMS 0x000000061dc00000| PB 0x000000061dc00000| Untracked 
|  98|0x000000061e000000, 0x000000061e000000, 0x000000061e400000|  0%| F|  |TAMS 0x000000061e000000| PB 0x000000061e000000| Untracked 
|  99|0x000000061e400000, 0x000000061e400000, 0x000000061e800000|  0%| F|  |TAMS 0x000000061e400000| PB 0x000000061e400000| Untracked 
| 100|0x000000061e800000, 0x000000061e800000, 0x000000061ec00000|  0%| F|  |TAMS 0x000000061e800000| PB 0x000000061e800000| Untracked 
| 101|0x000000061ec00000, 0x000000061ec00000, 0x000000061f000000|  0%| F|  |TAMS 0x000000061ec00000| PB 0x000000061ec00000| Untracked 
| 102|0x000000061f000000, 0x000000061f000000, 0x000000061f400000|  0%| F|  |TAMS 0x000000061f000000| PB 0x000000061f000000| Untracked 
| 103|0x000000061f400000, 0x000000061f400000, 0x000000061f800000|  0%| F|  |TAMS 0x000000061f400000| PB 0x000000061f400000| Untracked 
| 104|0x000000061f800000, 0x000000061f800000, 0x000000061fc00000|  0%| F|  |TAMS 0x000000061f800000| PB 0x000000061f800000| Untracked 
| 105|0x000000061fc00000, 0x000000061fc00000, 0x0000000620000000|  0%| F|  |TAMS 0x000000061fc00000| PB 0x000000061fc00000| Untracked 
| 106|0x0000000620000000, 0x0000000620000000, 0x0000000620400000|  0%| F|  |TAMS 0x0000000620000000| PB 0x0000000620000000| Untracked 
| 107|0x0000000620400000, 0x0000000620400000, 0x0000000620800000|  0%| F|  |TAMS 0x0000000620400000| PB 0x0000000620400000| Untracked 
| 108|0x0000000620800000, 0x0000000620800000, 0x0000000620c00000|  0%| F|  |TAMS 0x0000000620800000| PB 0x0000000620800000| Untracked 
| 109|0x0000000620c00000, 0x0000000620c00000, 0x0000000621000000|  0%| F|  |TAMS 0x0000000620c00000| PB 0x0000000620c00000| Untracked 
| 110|0x0000000621000000, 0x0000000621000000, 0x0000000621400000|  0%| F|  |TAMS 0x0000000621000000| PB 0x0000000621000000| Untracked 
| 111|0x0000000621400000, 0x0000000621400000, 0x0000000621800000|  0%| F|  |TAMS 0x0000000621400000| PB 0x0000000621400000| Untracked 
| 112|0x0000000621800000, 0x0000000621800000, 0x0000000621c00000|  0%| F|  |TAMS 0x0000000621800000| PB 0x0000000621800000| Untracked 
| 113|0x0000000621c00000, 0x0000000621c00000, 0x0000000622000000|  0%| F|  |TAMS 0x0000000621c00000| PB 0x0000000621c00000| Untracked 
| 114|0x0000000622000000, 0x0000000622000000, 0x0000000622400000|  0%| F|  |TAMS 0x0000000622000000| PB 0x0000000622000000| Untracked 
| 115|0x0000000622400000, 0x0000000622400000, 0x0000000622800000|  0%| F|  |TAMS 0x0000000622400000| PB 0x0000000622400000| Untracked 
| 116|0x0000000622800000, 0x0000000622800000, 0x0000000622c00000|  0%| F|  |TAMS 0x0000000622800000| PB 0x0000000622800000| Untracked 
| 117|0x0000000622c00000, 0x0000000622c00000, 0x0000000623000000|  0%| F|  |TAMS 0x0000000622c00000| PB 0x0000000622c00000| Untracked 
| 118|0x0000000623000000, 0x0000000623000000, 0x0000000623400000|  0%| F|  |TAMS 0x0000000623000000| PB 0x0000000623000000| Untracked 
| 119|0x0000000623400000, 0x00000006235f0870, 0x0000000623800000| 48%| E|  |TAMS 0x0000000623400000| PB 0x0000000623400000| Complete 
| 120|0x0000000623800000, 0x0000000623bef578, 0x0000000623c00000| 98%| S|CS|TAMS 0x0000000623800000| PB 0x0000000623800000| Complete 
| 121|0x0000000623c00000, 0x0000000624000000, 0x0000000624000000|100%| E|CS|TAMS 0x0000000623c00000| PB 0x0000000623c00000| Complete 
| 122|0x0000000624000000, 0x0000000624400000, 0x0000000624400000|100%| E|CS|TAMS 0x0000000624000000| PB 0x0000000624000000| Complete 
| 123|0x0000000624400000, 0x0000000624800000, 0x0000000624800000|100%| E|CS|TAMS 0x0000000624400000| PB 0x0000000624400000| Complete 
| 124|0x0000000624800000, 0x0000000624c00000, 0x0000000624c00000|100%| E|CS|TAMS 0x0000000624800000| PB 0x0000000624800000| Complete 
| 125|0x0000000624c00000, 0x0000000625000000, 0x0000000625000000|100%| E|CS|TAMS 0x0000000624c00000| PB 0x0000000624c00000| Complete 
| 126|0x0000000625000000, 0x0000000625400000, 0x0000000625400000|100%| E|CS|TAMS 0x0000000625000000| PB 0x0000000625000000| Complete 

Card table byte_map: [0x0000027eca5c0000,0x0000027ecb5a0000] _byte_map_base: 0x0000027ec7594000

Marking Bits: (CMBitMap*) 0x0000027eafdbc950
 Bits: [0x0000027ecb5a0000, 0x0000027ed3440000)

Polling page: 0x0000027eafe00000

Metaspace:

Usage:
  Non-class:      7.92 MB used.
      Class:      1.61 MB used.
       Both:      9.53 MB used.

Virtual space:
  Non-class space:       64.00 MB reserved,       8.12 MB ( 13%) committed,  1 nodes.
      Class space:        1.00 GB reserved,       1.75 MB ( <1%) committed,  1 nodes.
             Both:        1.06 GB reserved,       9.88 MB ( <1%) committed. 

Chunk freelists:
   Non-Class:  7.56 MB
       Class:  14.25 MB
        Both:  21.81 MB

MaxMetaspaceSize: unlimited
CompressedClassSpaceSize: 1.00 GB
Initial GC threshold: 21.00 MB
Current GC threshold: 21.00 MB
CDS: on
 - commit_granule_bytes: 65536.
 - commit_granule_words: 8192.
 - virtual_space_node_default_size: 8388608.
 - enlarge_chunks_in_place: 1.
 - use_allocation_guard: 0.


Internal statistics:

num_allocs_failed_limit: 0.
num_arena_births: 498.
num_arena_deaths: 0.
num_vsnodes_births: 2.
num_vsnodes_deaths: 0.
num_space_committed: 158.
num_space_uncommitted: 0.
num_chunks_returned_to_freelist: 0.
num_chunks_taken_from_freelist: 966.
num_chunk_merges: 0.
num_chunk_splits: 527.
num_chunks_enlarged: 194.
num_inconsistent_stats: 0.

CodeHeap 'non-profiled nmethods': size=120000Kb used=767Kb max_used=767Kb free=119232Kb
 bounds [0x0000027ec1420000, 0x0000027ec1690000, 0x0000027ec8950000]
CodeHeap 'profiled nmethods': size=120000Kb used=3638Kb max_used=3638Kb free=116361Kb
 bounds [0x0000027eb9950000, 0x0000027eb9ce0000, 0x0000027ec0e80000]
CodeHeap 'non-nmethods': size=5760Kb used=1410Kb max_used=1478Kb free=4350Kb
 bounds [0x0000027ec0e80000, 0x0000027ec10f0000, 0x0000027ec1420000]
 total_blobs=2472 nmethods=1969 adapters=407
 compilation: enabled
              stopped_count=0, restarted_count=0
 full_count=0

Compilation events (20 events):
Event: 1.979 Thread 0x0000027ed62ca1b0 1957       1       org.junit.platform.engine.support.hierarchical.NodeTestTaskContext::getExecutionAdvisor (5 bytes)
Event: 1.979 Thread 0x0000027ed62ca1b0 nmethod 1957 0x0000027ec14d9c10 code [0x0000027ec14d9da0, 0x0000027ec14d9e70]
Event: 1.979 Thread 0x0000027ed62ca1b0 1961       1       sun.nio.fs.NativeBuffer::size (5 bytes)
Event: 1.979 Thread 0x0000027ed62ca1b0 nmethod 1961 0x0000027ec14d9f10 code [0x0000027ec14da0a0, 0x0000027ec14da168]
Event: 1.981 Thread 0x0000027ed62ca880 nmethod 1924 0x0000027ec14da210 code [0x0000027ec14da3c0, 0x0000027ec14da9a0]
Event: 1.982 Thread 0x0000027ed62ca880 1910       4       java.util.regex.Matcher::reset (128 bytes)
Event: 1.983 Thread 0x0000027ed62c76a0 nmethod 1930 0x0000027ec14dac10 code [0x0000027ec14dae60, 0x0000027ec14dbb08]
Event: 1.983 Thread 0x0000027ed62c76a0 1911       4       java.util.regex.Matcher::match (154 bytes)
Event: 1.987 Thread 0x0000027ed62ca880 nmethod 1910 0x0000027ec14dc410 code [0x0000027ec14dc5c0, 0x0000027ec14dc8b0]
Event: 1.988 Thread 0x0000027ed62ca880 1920       4       java.util.regex.Pattern$CharPropertyGreedy::match (160 bytes)
Event: 1.988 Thread 0x0000027ed62c76a0 nmethod 1911 0x0000027ec14dca90 code [0x0000027ec14dcc40, 0x0000027ec14dcf20]
Event: 1.988 Thread 0x0000027ed62c76a0 1931       4       java.util.regex.Pattern$SliceI::match (96 bytes)
Event: 1.993 Thread 0x0000027ed62c76a0 nmethod 1931 0x0000027ec14dd110 code [0x0000027ec14dd2c0, 0x0000027ec14dd648]
Event: 1.993 Thread 0x0000027ed62c76a0 1971       4       java.util.regex.Pattern$BmpCharProperty::match (55 bytes)
Event: 1.996 Thread 0x0000027ed62c76a0 nmethod 1971 0x0000027ec14dd910 code [0x0000027ec14ddae0, 0x0000027ec14dde78]
Event: 1.996 Thread 0x0000027ed62c76a0 1913       4       java.util.regex.Pattern$LastNode::match (45 bytes)
Event: 1.998 Thread 0x0000027ed62c76a0 nmethod 1913 0x0000027ec14de190 code [0x0000027ec14de320, 0x0000027ec14de448]
Event: 1.998 Thread 0x0000027ed62c76a0 1919       4       java.util.stream.Sink::begin (1 bytes)
Event: 1.998 Thread 0x0000027ed62c76a0 nmethod 1919 0x0000027ec14de590 code [0x0000027ec14de720, 0x0000027ec14de7a8]
Event: 2.001 Thread 0x0000027ed62ca880 nmethod 1920 0x0000027ec14de890 code [0x0000027ec14deac0, 0x0000027ec14df518]

GC Heap History (2 events):
Event: 0.785 GC heap before
{Heap before GC invocations=0 (full 0):
 garbage-first heap   total 520192K, used 24576K [0x0000000605800000, 0x0000000800000000)
  region size 4096K, 6 young (24576K), 0 survivors (0K)
 Metaspace       used 5512K, committed 5696K, reserved 1114112K
  class space    used 748K, committed 832K, reserved 1048576K
}
Event: 0.788 GC heap after
{Heap after GC invocations=1 (full 0):
 garbage-first heap   total 520192K, used 4029K [0x0000000605800000, 0x0000000800000000)
  region size 4096K, 1 young (4096K), 1 survivors (4096K)
 Metaspace       used 5512K, committed 5696K, reserved 1114112K
  class space    used 748K, committed 832K, reserved 1048576K
}

Dll operation events (10 events):
Event: 0.011 Loaded shared library C:\Java\jdk-21.0.1\bin\java.dll
Event: 0.047 Loaded shared library C:\Java\jdk-21.0.1\bin\jsvml.dll
Event: 0.128 Loaded shared library C:\Java\jdk-21.0.1\bin\zip.dll
Event: 0.133 Loaded shared library C:\JAVA\jdk-21.0.1\bin\instrument.dll
Event: 0.137 Loaded shared library C:\JAVA\jdk-21.0.1\bin\net.dll
Event: 0.139 Loaded shared library C:\JAVA\jdk-21.0.1\bin\nio.dll
Event: 0.142 Loaded shared library C:\JAVA\jdk-21.0.1\bin\zip.dll
Event: 0.154 Loaded shared library C:\Program Files\JetBrains\IntelliJ IDEA Community Edition 2023.1\bin\breakgen64.dll
Event: 0.165 Loaded shared library C:\JAVA\jdk-21.0.1\bin\extnet.dll
Event: 0.254 Loaded shared library C:\JAVA\jdk-21.0.1\bin\jimage.dll

Deoptimization events (20 events):
Event: 1.959 Thread 0x0000027f1c325fb0 DEOPT PACKING pc=0x0000027ec14ad614 sp=0x000000b71f2fd990
Event: 1.959 Thread 0x0000027f1c325fb0 DEOPT UNPACKING pc=0x0000027ec0ed46a2 sp=0x000000b71f2fd8e0 mode 2
Event: 1.959 Thread 0x0000027f1c326bc0 DEOPT PACKING pc=0x0000027ec14ad614 sp=0x000000b71f1fddb0
Event: 1.959 Thread 0x0000027f1c0c4dc0 DEOPT PACKING pc=0x0000027ec14ad614 sp=0x000000b71e5fda60
Event: 1.959 Thread 0x0000027f1c326bc0 DEOPT UNPACKING pc=0x0000027ec0ed46a2 sp=0x000000b71f1fdd00 mode 2
Event: 1.959 Thread 0x0000027f1c0c5430 DEOPT PACKING pc=0x0000027ec14ad614 sp=0x000000b71e6fd8a0
Event: 1.959 Thread 0x0000027f1c0c4dc0 DEOPT UNPACKING pc=0x0000027ec0ed46a2 sp=0x000000b71e5fd9b0 mode 2
Event: 1.959 Thread 0x0000027f1c0c5430 DEOPT UNPACKING pc=0x0000027ec0ed46a2 sp=0x000000b71e6fd7f0 mode 2
Event: 1.960 Thread 0x0000027ed68d7c70 Uncommon trap: trap_request=0xffffffde fr.pc=0x0000027ec14ae614 relative=0x0000000000000414
Event: 1.960 Thread 0x0000027ed68d7c70 Uncommon trap: reason=class_check action=maybe_recompile pc=0x0000027ec14ae614 method=java.util.regex.Pattern$Start.match(Ljava/util/regex/Matcher;ILjava/lang/CharSequence;)Z @ 44 c2
Event: 1.960 Thread 0x0000027f1c325290 Uncommon trap: trap_request=0xffffffde fr.pc=0x0000027ec14ae614 relative=0x0000000000000414
Event: 1.960 Thread 0x0000027f1c325290 Uncommon trap: reason=class_check action=maybe_recompile pc=0x0000027ec14ae614 method=java.util.regex.Pattern$Start.match(Ljava/util/regex/Matcher;ILjava/lang/CharSequence;)Z @ 44 c2
Event: 1.960 Thread 0x0000027ed68d7c70 DEOPT PACKING pc=0x0000027ec14ae614 sp=0x000000b71e4fd2c0
Event: 1.960 Thread 0x0000027f1c325290 DEOPT PACKING pc=0x0000027ec14ae614 sp=0x000000b71f5fe080
Event: 1.960 Thread 0x0000027ed68d7c70 DEOPT UNPACKING pc=0x0000027ec0ed46a2 sp=0x000000b71e4fd290 mode 2
Event: 1.960 Thread 0x0000027f1c325290 DEOPT UNPACKING pc=0x0000027ec0ed46a2 sp=0x000000b71f5fe050 mode 2
Event: 1.965 Thread 0x0000027f1c0c4dc0 Uncommon trap: trap_request=0xffffff45 fr.pc=0x0000027ec147ceec relative=0x000000000000014c
Event: 1.965 Thread 0x0000027f1c0c4dc0 Uncommon trap: reason=unstable_if action=reinterpret pc=0x0000027ec147ceec method=com.intellij.rt.execution.junit.MapSerializerUtil$1.escape(C)C @ 1 c2
Event: 1.965 Thread 0x0000027f1c0c4dc0 DEOPT PACKING pc=0x0000027ec147ceec sp=0x000000b71e5fdaa0
Event: 1.966 Thread 0x0000027f1c0c4dc0 DEOPT UNPACKING pc=0x0000027ec0ed46a2 sp=0x000000b71e5fda20 mode 2

Classes loaded (20 events):
Event: 1.892 Loading class java/lang/invoke/WrongMethodTypeException
Event: 1.892 Loading class java/lang/invoke/WrongMethodTypeException done
Event: 1.898 Loading class jdk/internal/reflect/AccessorUtils
Event: 1.899 Loading class jdk/internal/reflect/AccessorUtils done
Event: 1.915 Loading class java/util/Collections$ReverseComparator
Event: 1.915 Loading class java/util/Collections$ReverseComparator done
Event: 1.915 Loading class java/util/Collections$ReverseComparator2
Event: 1.915 Loading class java/util/Collections$ReverseComparator2 done
Event: 1.959 Loading class java/util/regex/Pattern$SliceI
Event: 1.959 Loading class java/util/regex/Pattern$SliceI done
Event: 1.961 Loading class java/io/PrintWriter
Event: 1.961 Loading class java/io/PrintWriter done
Event: 1.962 Loading class java/io/PrintWriter$1
Event: 1.962 Loading class jdk/internal/access/JavaIOPrintWriterAccess
Event: 1.962 Loading class jdk/internal/access/JavaIOPrintWriterAccess done
Event: 1.962 Loading class java/io/PrintWriter$1 done
Event: 1.962 Loading class java/lang/Throwable$WrappedPrintWriter
Event: 1.962 Loading class java/lang/Throwable$PrintStreamOrWriter
Event: 1.962 Loading class java/lang/Throwable$PrintStreamOrWriter done
Event: 1.962 Loading class java/lang/Throwable$WrappedPrintWriter done

Classes unloaded (0 events):
No events

Classes redefined (0 events):
No events

Internal exceptions (20 events):
Event: 1.047 Thread 0x0000027f1c0c5430 Exception <a 'java/lang/NoSuchMethodError'{0x00000006246675b0}: 'java.lang.Object java.lang.invoke.DirectMethodHandle$Holder.invokeInterface(java.lang.Object, java.lang.Object, java.lang.Object, java.lang.Object)'> (0x00000006246675b0) 
thrown [s\open\src\hotspot\share\interpreter\linkResolver.cpp, line 773]
Event: 1.047 Thread 0x0000027ed68d7180 Exception <a 'java/lang/NoSuchMethodError'{0x00000006245a8298}: 'java.lang.Object java.lang.invoke.DirectMethodHandle$Holder.invokeInterface(java.lang.Object, java.lang.Object, java.lang.Object, java.lang.Object)'> (0x00000006245a8298) 
thrown [s\open\src\hotspot\share\interpreter\linkResolver.cpp, line 773]
Event: 1.047 Thread 0x0000027f1c325290 Exception <a 'java/lang/NoSuchMethodError'{0x00000006246ddc48}: 'java.lang.Object java.lang.invoke.DirectMethodHandle$Holder.invokeInterface(java.lang.Object, java.lang.Object, java.lang.Object, java.lang.Object)'> (0x00000006246ddc48) 
thrown [s\open\src\hotspot\share\interpreter\linkResolver.cpp, line 773]
Event: 1.047 Thread 0x0000027ed68d7c70 Exception <a 'java/lang/NoSuchMethodError'{0x000000062413b770}: 'java.lang.Object java.lang.invoke.DirectMethodHandle$Holder.invokeInterface(java.lang.Object, java.lang.Object, java.lang.Object, java.lang.Object)'> (0x000000062413b770) 
thrown [s\open\src\hotspot\share\interpreter\linkResolver.cpp, line 773]
Event: 1.048 Thread 0x0000027ed68d6b10 Exception <a 'java/lang/NoSuchMethodError'{0x000000062454c1a0}: 'java.lang.Object java.lang.invoke.DirectMethodHandle$Holder.invokeInterface(java.lang.Object, java.lang.Object, java.lang.Object, java.lang.Object)'> (0x000000062454c1a0) 
thrown [s\open\src\hotspot\share\interpreter\linkResolver.cpp, line 773]
Event: 1.048 Thread 0x0000027f1c325fb0 Exception <a 'java/lang/NoSuchMethodError'{0x00000006241b76a0}: 'java.lang.Object java.lang.invoke.DirectMethodHandle$Holder.invokeInterface(java.lang.Object, java.lang.Object, java.lang.Object, java.lang.Object)'> (0x00000006241b76a0) 
thrown [s\open\src\hotspot\share\interpreter\linkResolver.cpp, line 773]
Event: 1.048 Thread 0x0000027f1c34d8f0 Exception <a 'java/lang/NoSuchMethodError'{0x00000006247000d8}: 'java.lang.Object java.lang.invoke.DirectMethodHandle$Holder.invokeInterface(java.lang.Object, java.lang.Object, java.lang.Object, java.lang.Object)'> (0x00000006247000d8) 
thrown [s\open\src\hotspot\share\interpreter\linkResolver.cpp, line 773]
Event: 1.048 Thread 0x0000027f1c325920 Exception <a 'java/lang/NoSuchMethodError'{0x0000000624693498}: 'java.lang.Object java.lang.invoke.DirectMethodHandle$Holder.invokeInterface(java.lang.Object, java.lang.Object, java.lang.Object, java.lang.Object)'> (0x0000000624693498) 
thrown [s\open\src\hotspot\share\interpreter\linkResolver.cpp, line 773]
Event: 1.048 Thread 0x0000027ed6ea65f0 Exception <a 'java/lang/NoSuchMethodError'{0x00000006246163f0}: 'java.lang.Object java.lang.invoke.DirectMethodHandle$Holder.invokeInterface(java.lang.Object, java.lang.Object, java.lang.Object, java.lang.Object)'> (0x00000006246163f0) 
thrown [s\open\src\hotspot\share\interpreter\linkResolver.cpp, line 773]
Event: 1.048 Thread 0x0000027f1c326bc0 Exception <a 'java/lang/NoSuchMethodError'{0x00000006246b9638}: 'java.lang.Object java.lang.invoke.DirectMethodHandle$Holder.invokeInterface(java.lang.Object, java.lang.Object, java.lang.Object, java.lang.Object)'> (0x00000006246b9638) 
thrown [s\open\src\hotspot\share\interpreter\linkResolver.cpp, line 773]
Event: 1.069 Thread 0x0000027f1c0c5430 Exception <a 'java/lang/NoSuchMethodError'{0x00000006246752a8}: 'void java.lang.invoke.DirectMethodHandle$Holder.invokeStatic(java.lang.Object, long)'> (0x00000006246752a8) 
thrown [s\open\src\hotspot\share\interpreter\linkResolver.cpp, line 773]
Event: 1.070 Thread 0x0000027f1c0c5430 Exception <a 'java/lang/NoSuchMethodError'{0x000000062467a750}: 'java.lang.Object java.lang.invoke.DirectMethodHandle$Holder.newInvokeSpecial(java.lang.Object, long)'> (0x000000062467a750) 
thrown [s\open\src\hotspot\share\interpreter\linkResolver.cpp, line 773]
Event: 1.072 Thread 0x0000027f1c0c5430 Exception <a 'java/lang/NoSuchMethodError'{0x000000062426a9a0}: 'java.lang.Object java.lang.invoke.DirectMethodHandle$Holder.invokeStatic(java.lang.Object, long, java.lang.Object)'> (0x000000062426a9a0) 
thrown [s\open\src\hotspot\share\interpreter\linkResolver.cpp, line 773]
Event: 1.072 Thread 0x0000027f1c0c5430 Exception <a 'java/lang/NoSuchMethodError'{0x000000062426e3d8}: 'java.lang.Object java.lang.invoke.DirectMethodHandle$Holder.invokeStaticInit(java.lang.Object, long, java.lang.Object)'> (0x000000062426e3d8) 
thrown [s\open\src\hotspot\share\interpreter\linkResolver.cpp, line 773]
Event: 1.881 Thread 0x0000027f1c325290 Exception <a 'java/lang/NoSuchMethodError'{0x0000000623c4cd48}: 'java.lang.Object java.lang.invoke.DirectMethodHandle$Holder.invokeSpecial(java.lang.Object, java.lang.Object, int, java.lang.Object, java.lang.Object)'> (0x0000000623c4cd48) 
thrown [s\open\src\hotspot\share\interpreter\linkResolver.cpp, line 773]
Event: 1.881 Thread 0x0000027f1c0c5430 Exception <a 'java/lang/NoSuchMethodError'{0x0000000623c6a710}: 'java.lang.Object java.lang.invoke.DirectMethodHandle$Holder.invokeSpecial(java.lang.Object, java.lang.Object, int, java.lang.Object, java.lang.Object)'> (0x0000000623c6a710) 
thrown [s\open\src\hotspot\share\interpreter\linkResolver.cpp, line 773]
Event: 1.881 Thread 0x0000027f1c325fb0 Exception <a 'java/lang/NoSuchMethodError'{0x0000000623c560f8}: 'java.lang.Object java.lang.invoke.DirectMethodHandle$Holder.invokeSpecial(java.lang.Object, java.lang.Object, int, java.lang.Object, java.lang.Object)'> (0x0000000623c560f8) 
thrown [s\open\src\hotspot\share\interpreter\linkResolver.cpp, line 773]
Event: 1.897 Thread 0x0000027f1c0c5430 Exception <a 'java/lang/IncompatibleClassChangeError'{0x0000000623d79cb8}: Found class java.lang.Object, but interface was expected> (0x0000000623d79cb8) 
thrown [s\open\src\hotspot\share\interpreter\linkResolver.cpp, line 840]
Event: 1.897 Thread 0x0000027f1c325290 Exception <a 'java/lang/IncompatibleClassChangeError'{0x0000000623da9088}: Found class java.lang.Object, but interface was expected> (0x0000000623da9088) 
thrown [s\open\src\hotspot\share\interpreter\linkResolver.cpp, line 840]
Event: 1.897 Thread 0x0000027f1c325fb0 Exception <a 'java/lang/IncompatibleClassChangeError'{0x0000000623d70600}: Found class java.lang.Object, but interface was expected> (0x0000000623d70600) 
thrown [s\open\src\hotspot\share\interpreter\linkResolver.cpp, line 840]

ZGC Phase Switch (0 events):
No events

VM Operations (20 events):
Event: 0.784 Executing VM operation: G1CollectForAllocation (G1 Evacuation Pause)
Event: 0.788 Executing VM operation: G1CollectForAllocation (G1 Evacuation Pause) done
Event: 0.827 Executing VM operation: HandshakeAllThreads (Deoptimize)
Event: 0.827 Executing VM operation: HandshakeAllThreads (Deoptimize) done
Event: 0.832 Executing VM operation: HandshakeAllThreads (Deoptimize)
Event: 0.832 Executing VM operation: HandshakeAllThreads (Deoptimize) done
Event: 0.896 Executing VM operation: HandshakeAllThreads (Deoptimize)
Event: 0.896 Executing VM operation: HandshakeAllThreads (Deoptimize) done
Event: 0.956 Executing VM operation: HandshakeAllThreads (Deoptimize)
Event: 0.956 Executing VM operation: HandshakeAllThreads (Deoptimize) done
Event: 0.986 Executing VM operation: HandshakeAllThreads (Deoptimize)
Event: 0.986 Executing VM operation: HandshakeAllThreads (Deoptimize) done
Event: 0.999 Executing VM operation: HandshakeAllThreads (Deoptimize)
Event: 1.012 Executing VM operation: HandshakeAllThreads (Deoptimize) done
Event: 1.035 Executing VM operation: HandshakeAllThreads (Deoptimize)
Event: 1.035 Executing VM operation: HandshakeAllThreads (Deoptimize) done
Event: 1.927 Executing VM operation: ICBufferFull
Event: 1.939 Executing VM operation: ICBufferFull done
Event: 1.939 Executing VM operation: ICBufferFull
Event: 1.940 Executing VM operation: ICBufferFull done

Events (20 events):
Event: 1.103 Thread 0x0000027f1c3506e0 Thread added: 0x0000027f1c3506e0
Event: 1.115 Thread 0x0000027f1c34ab00 Thread added: 0x0000027f1c34ab00
Event: 1.125 Thread 0x0000027f1c34cbd0 Thread added: 0x0000027f1c34cbd0
Event: 1.142 Thread 0x0000027f1c34d260 Thread added: 0x0000027f1c34d260
Event: 1.160 Thread 0x0000027f1c34b820 Thread added: 0x0000027f1c34b820
Event: 1.178 Thread 0x0000027f1c34f9c0 Thread added: 0x0000027f1c34f9c0
Event: 1.870 Thread 0x0000027ed62cb620 Thread exited: 0x0000027ed62cb620
Event: 1.872 Thread 0x0000027f1c34d260 Thread exited: 0x0000027f1c34d260
Event: 1.872 Thread 0x0000027f1c34beb0 Thread exited: 0x0000027f1c34beb0
Event: 1.872 Thread 0x0000027f1c34f9c0 Thread exited: 0x0000027f1c34f9c0
Event: 1.884 Thread 0x0000027f1c34ab00 Thread exited: 0x0000027f1c34ab00
Event: 1.885 Thread 0x0000027f1c34b820 Thread exited: 0x0000027f1c34b820
Event: 1.915 Thread 0x0000027ed62caf50 Thread added: 0x0000027ed62caf50
Event: 1.921 Thread 0x0000027f1c34c540 Thread exited: 0x0000027f1c34c540
Event: 1.989 Thread 0x0000027f1c351a90 Thread added: 0x0000027f1c351a90
Event: 1.996 Thread 0x0000027f1c350050 Thread added: 0x0000027f1c350050
Event: 2.070 Thread 0x0000027f1c34d260 Thread added: 0x0000027f1c34d260
Event: 2.075 Thread 0x0000027f1c34ab00 Thread added: 0x0000027f1c34ab00
Event: 2.084 Thread 0x0000027f1c34b820 Thread added: 0x0000027f1c34b820
Event: 2.131 Thread 0x0000027f1c34beb0 Thread added: 0x0000027f1c34beb0


Dynamic libraries:
0x00007ff61b4f0000 - 0x00007ff61b4fe000 	C:\Java\jdk-21.0.1\bin\java.exe
0x00007fffa03b0000 - 0x00007fffa03ba000 	C:\Program Files\Cylance\Desktop\CyN64F9WQC8T5LP.dll
0x00007fffa40e0000 - 0x00007fffa40ed000 	C:\Program Files\Cylance\Desktop\CyK64HEWPXHQH.dll
0x00007fff8b3c0000 - 0x00007fff8b592000 	C:\Program Files\Cylance\Desktop\CylanceMemDef64.dll
0x00007fffcb990000 - 0x00007fffcbba7000 	C:\WINDOWS\SYSTEM32\ntdll.dll
0x00007fffca390000 - 0x00007fffca454000 	C:\WINDOWS\System32\KERNEL32.DLL
0x00007fffc8f90000 - 0x00007fffc9347000 	C:\WINDOWS\System32\KERNELBASE.dll
0x00007fffc9350000 - 0x00007fffc9461000 	C:\WINDOWS\System32\ucrtbase.dll
0x00007fffaaac0000 - 0x00007fffaaad8000 	C:\Java\jdk-21.0.1\bin\jli.dll
0x00007fffc9d60000 - 0x00007fffc9f0f000 	C:\WINDOWS\System32\USER32.dll
0x00007fffc94a0000 - 0x00007fffc94c6000 	C:\WINDOWS\System32\win32u.dll
0x00007fffcab70000 - 0x00007fffcab99000 	C:\WINDOWS\System32\GDI32.dll
0x00007fffc8ca0000 - 0x00007fffc8db8000 	C:\WINDOWS\System32\gdi32full.dll
0x00007fffc8dc0000 - 0x00007fffc8e5a000 	C:\WINDOWS\System32\msvcp_win.dll
0x00007fffaaaa0000 - 0x00007fffaaabb000 	C:\Java\jdk-21.0.1\bin\VCRUNTIME140.dll
0x00007fffabe20000 - 0x00007fffac0b3000 	C:\WINDOWS\WinSxS\amd64_microsoft.windows.common-controls_6595b64144ccf1df_6.0.22621.3672_none_2713b9d173822955\COMCTL32.dll
0x00007fffcaac0000 - 0x00007fffcab67000 	C:\WINDOWS\System32\msvcrt.dll
0x00007fffcb410000 - 0x00007fffcb441000 	C:\WINDOWS\System32\IMM32.DLL
0x00007fffac4a0000 - 0x00007fffac4ac000 	C:\Java\jdk-21.0.1\bin\vcruntime140_1.dll
0x00007fffa0180000 - 0x00007fffa020e000 	C:\Java\jdk-21.0.1\bin\msvcp140.dll
0x00007fff34290000 - 0x00007fff34fa5000 	C:\Java\jdk-21.0.1\bin\server\jvm.dll
0x00007fffc9f50000 - 0x00007fffca002000 	C:\WINDOWS\System32\ADVAPI32.dll
0x00007fffca010000 - 0x00007fffca0b8000 	C:\WINDOWS\System32\sechost.dll
0x00007fffc9470000 - 0x00007fffc9498000 	C:\WINDOWS\System32\bcrypt.dll
0x00007fffca0c0000 - 0x00007fffca1d4000 	C:\WINDOWS\System32\RPCRT4.dll
0x00007fffc9c50000 - 0x00007fffc9cc1000 	C:\WINDOWS\System32\WS2_32.dll
0x00007fffc7b10000 - 0x00007fffc7b5d000 	C:\WINDOWS\SYSTEM32\POWRPROF.dll
0x00007fffbe810000 - 0x00007fffbe844000 	C:\WINDOWS\SYSTEM32\WINMM.dll
0x00007fffbdcf0000 - 0x00007fffbdcfa000 	C:\WINDOWS\SYSTEM32\VERSION.dll
0x00007fffc7af0000 - 0x00007fffc7b03000 	C:\WINDOWS\SYSTEM32\UMPDC.dll
0x00007fffc7da0000 - 0x00007fffc7db8000 	C:\WINDOWS\SYSTEM32\kernel.appcore.dll
0x00007fffaba40000 - 0x00007fffaba4a000 	C:\Java\jdk-21.0.1\bin\jimage.dll
0x00007fffc6600000 - 0x00007fffc6832000 	C:\WINDOWS\SYSTEM32\DBGHELP.DLL
0x00007fffca6d0000 - 0x00007fffcaa5e000 	C:\WINDOWS\System32\combase.dll
0x00007fffcb6d0000 - 0x00007fffcb7a7000 	C:\WINDOWS\System32\OLEAUT32.dll
0x00007fffb8d50000 - 0x00007fffb8d82000 	C:\WINDOWS\SYSTEM32\dbgcore.DLL
0x00007fffc94d0000 - 0x00007fffc954b000 	C:\WINDOWS\System32\bcryptPrimitives.dll
0x00007fffbf6b0000 - 0x00007fffbf6bf000 	C:\Java\jdk-21.0.1\bin\instrument.dll
0x00007fffaaa80000 - 0x00007fffaaa9f000 	C:\Java\jdk-21.0.1\bin\java.dll
0x00007fffcaba0000 - 0x00007fffcb409000 	C:\WINDOWS\System32\SHELL32.dll
0x00007fffc69f0000 - 0x00007fffc72ef000 	C:\WINDOWS\SYSTEM32\windows.storage.dll
0x00007fffc68b0000 - 0x00007fffc69ef000 	C:\WINDOWS\SYSTEM32\wintypes.dll
0x00007fffca470000 - 0x00007fffca569000 	C:\WINDOWS\System32\SHCORE.dll
0x00007fffcaa60000 - 0x00007fffcaabe000 	C:\WINDOWS\System32\shlwapi.dll
0x00007fffc8bd0000 - 0x00007fffc8bf7000 	C:\WINDOWS\SYSTEM32\profapi.dll
0x00007fff65b20000 - 0x00007fff65bf7000 	C:\Java\jdk-21.0.1\bin\jsvml.dll
0x00007fffaa280000 - 0x00007fffaa298000 	C:\Java\jdk-21.0.1\bin\zip.dll
0x00007fffab000000 - 0x00007fffab010000 	C:\JAVA\jdk-21.0.1\bin\net.dll
0x00007fffc0c00000 - 0x00007fffc0d36000 	C:\WINDOWS\SYSTEM32\WINHTTP.dll
0x00007fffc8200000 - 0x00007fffc8269000 	C:\WINDOWS\system32\mswsock.dll
0x00007fffaa3b0000 - 0x00007fffaa3c6000 	C:\JAVA\jdk-21.0.1\bin\nio.dll
0x00007fffbebf0000 - 0x00007fffbec0a000 	C:\Program Files\JetBrains\IntelliJ IDEA Community Edition 2023.1\bin\breakgen64.dll
0x00007fffaa300000 - 0x00007fffaa307000 	C:\JAVA\jdk-21.0.1\bin\extnet.dll
0x00007fffc7570000 - 0x00007fffc7672000 	C:\WINDOWS\SYSTEM32\DNSAPI.dll
0x00007fffc7540000 - 0x00007fffc756d000 	C:\WINDOWS\SYSTEM32\IPHLPAPI.DLL
0x00007fffc96c0000 - 0x00007fffc96c9000 	C:\WINDOWS\System32\NSI.dll
0x00007fffbfdf0000 - 0x00007fffbfdfa000 	C:\Windows\System32\rasadhlp.dll
0x00007fffc0fb0000 - 0x00007fffc1033000 	C:\WINDOWS\System32\fwpuclnt.dll

dbghelp: loaded successfully - version: 4.0.5 - missing functions: none
symbol engine: initialized successfully - sym options: 0x614 - pdb path: .;C:\Java\jdk-21.0.1\bin;C:\Program Files\Cylance\Desktop;C:\WINDOWS\SYSTEM32;C:\WINDOWS\WinSxS\amd64_microsoft.windows.common-controls_6595b64144ccf1df_6.0.22621.3672_none_2713b9d173822955;C:\Java\jdk-21.0.1\bin\server;C:\Program Files\JetBrains\IntelliJ IDEA Community Edition 2023.1\bin

VM Arguments:
jvm_args: -ea -Djunit.jupiter.execution.parallel.enabled=true -Djunit.jupiter.execution.parallel.mode.default=concurrent -Didea.test.cyclic.buffer.size=1048576 -javaagent:C:\Program Files\JetBrains\IntelliJ IDEA Community Edition 2023.1\lib\idea_rt.jar=57594:C:\Program Files\JetBrains\IntelliJ IDEA Community Edition 2023.1\bin -Dfile.encoding=UTF-8 -Dsun.stdout.encoding=UTF-8 -Dsun.stderr.encoding=UTF-8 
java_command: com.intellij.rt.junit.JUnitStarter -ideVersion5 -junit5 @w@C:\Users\rafbac\AppData\Local\Temp\idea_working_dirs_junit.tmp @C:\Users\rafbac\AppData\Local\Temp\idea_junit.tmp
java_class_path (initial): C:\Users\rafbac\.m2\repository\org\junit\platform\junit-platform-launcher\1.11.3\junit-platform-launcher-1.11.3.jar;C:\Program Files\JetBrains\IntelliJ IDEA Community Edition 2023.1\lib\idea_rt.jar;C:\Program Files\JetBrains\IntelliJ IDEA Community Edition 2023.1\plugins\junit\lib\junit5-rt.jar;C:\Program Files\JetBrains\IntelliJ IDEA Community Edition 2023.1\plugins\junit\lib\junit-rt.jar;C:\Users\rafbac\OneDrive - Fideltronik Poland\Dokumenty\_____PRIV___\Java2024\FakeStoreTestsPOM2024\target\test-classes;C:\Users\rafbac\OneDrive - Fideltronik Poland\Dokumenty\_____PRIV___\Java2024\FakeStoreTestsPOM2024\target\classes;C:\Users\rafbac\.m2\repository\org\junit\jupiter\junit-jupiter-api\5.11.3\junit-jupiter-api-5.11.3.jar;C:\Users\rafbac\.m2\repository\org\opentest4j\opentest4j\1.3.0\opentest4j-1.3.0.jar;C:\Users\rafbac\.m2\repository\org\junit\platform\junit-platform-commons\1.11.3\junit-platform-commons-1.11.3.jar;C:\Users\rafbac\.m2\repository\org\apiguardian\apiguardian-api\1.1.2\apiguardian-api-1.1.2.jar;C:\Users\rafbac\.m2\repository\org\seleniumhq\selenium\selenium-java\4.19.1\selenium-java-4.19.1.jar;C:\Users\rafbac\.m2\repository\org\seleniumhq\selenium\selenium-api\4.19.1\selenium-api-4.19.1.jar;C:\Users\rafbac\.m2\repository\org\seleniumhq\selenium\selenium-chrome-driver\4.19.1\selenium-chrome-driver-4.19.1.jar;C:\Users\rafbac\.m2\repository\com\google\auto\service\auto-service-annotations\1.1.1\auto-service-annotations-1.1.1.jar;C:\Users\rafbac\.m2\repository\org\seleniumhq\selenium\selenium-chromium-driver\4.19.1\selenium-chromium-driver-4.19.1.jar;C:\Users\rafbac\.m2\repository\org\seleniumhq\selenium\selenium-json\4.19.1\selenium-json-4.19.1.jar;C:\Users\rafbac\.m2\repository\org\seleniumhq\selenium\selenium-manager\4.19.1\selenium-manager-4.19.1.jar;C:\Users\rafbac\.m2\repository\org\seleniumhq\selenium\selenium-devtools-v121\4.19.1\selenium-devtools-v121-4.19.1.jar;C:\Users\rafbac\.m2\repository\org\seleniumhq\selenium\selenium-devtools-v122\4.19.1\selenium-devtools-v122-4.19.1.jar;C:\Users\rafbac\.m2\repository\org\seleniumhq\selenium\selenium-devtools-v123\4.19.1\selenium-devtools-v123-4.19.1.jar;C:\Users\rafbac\.m2\repository\org\seleniumhq\selenium\selenium-devtools-v85\4.19.1\selenium-devtools-v85-4.19.1.jar;C:\Users\rafbac\.m2\repository\org\seleniumhq\selenium\selenium-edge-driver\4.19.1\selenium-edge-driver-4.19.1.jar;C:\Users\rafbac\.m2\repository\org\seleniumhq\selenium\selenium-firefox-driver\4.19.1\selenium-firefox-driver-4.19.1.jar;C:\Users\rafbac\.m2\repository\org\seleniumhq\selenium\selenium-http\4.19.1\selenium-http-4.19.1.jar;C:\Users\rafbac\.m2\repository\dev\failsafe\failsafe\3.3.2\failsafe-3.3.2.jar;C:\Users\rafbac\.m2\repository\org\seleniumhq\selenium\selenium-ie-driver\4.19.1\selenium-ie-driver-4.19.1.jar;C:\Users\rafbac\.m2\repository\org\seleniumhq\selenium\selenium-remote-driver\4.19.1\selenium-remote-driver-4.19.1.jar;C:\Users\rafbac\.m2\repository\com\google\guava\guava\33.1.0-jre\guava-33.1.0-jre.jar;C:\Users\rafbac\.m2\repository\com\google\guava\failureaccess\1.0.2\failureaccess-1.0.2.jar;C:\Users\rafbac\.m2\repository\com\google\guava\listenablefuture\9999.0-empty-to-avoid-conflict-with-guava\listenablefuture-9999.0-empty-to-avoid-conflict-with-guava.jar;C:\Users\rafbac\.m2\repository\com\google\code\findbugs\jsr305\3.0.2\jsr305-3.0.2.jar;C:\Users\rafbac\.m2\repository\org\checkerframework\checker-qual\3.42.0\checker-qual-3.42.0.jar;C:\Users\rafbac\.m2\repository\com\google\errorprone\error_prone_annotations\2.26.1\error_prone_annotations-2.26.1.jar;C:\Users\rafbac\.m2\repository\com\google\j2objc\j2objc-annotations\3.0.0\j2objc-annotations-3.0.0.jar;C:\Users\rafbac\.m2\repository\io\opentelemetry\semconv\opentelemetry-semconv\1.23.1-alpha\opentelemetry-semconv-1.23.1-alpha.jar;C:\Users\rafbac\.m2\repository\io\opentelemetry\opentelemetry-api\1.36.0\opentelemetry-api-1.36.0.jar;C:\Users\rafbac\.m2\repository\io\opentelemetry\opentelemetry-context\1.36.0\opentelemetry-context-1.36.0.jar;C:\Users\rafbac\.m2\repository\io\opentelemetry\opentelemetry-exporter-logging\1.36.0\opentelemetry-exporter-logging-1.36.0.jar;C:\Users\rafbac\.m2\repository\io\opentelemetry\opentelemetry-sdk-common\1.36.0\opentelemetry-sdk-common-1.36.0.jar;C:\Users\rafbac\.m2\repository\io\opentelemetry\opentelemetry-sdk-extension-autoconfigure-spi\1.36.0\opentelemetry-sdk-extension-autoconfigure-spi-1.36.0.jar;C:\Users\rafbac\.m2\repository\io\opentelemetry\opentelemetry-sdk-extension-autoconfigure\1.36.0\opentelemetry-sdk-extension-autoconfigure-1.36.0.jar;C:\Users\rafbac\.m2\repository\io\opentelemetry\opentelemetry-api-events\1.36.0-alpha\opentelemetry-api-events-1.36.0-alpha.jar;C:\Users\rafbac\.m2\repository\io\opentelemetry\opentelemetry-sdk-trace\1.36.0\opentelemetry-sdk-trace-1.36.0.jar;C:\Users\rafbac\.m2\repository\io\opentelemetry\opentelemetry-extension-incubator\1.36.0-alpha\opentelemetry-extension-incubator-1.36.0-alpha.jar;C:\Users\rafbac\.m2\repository\io\opentelemetry\opentelemetry-sdk\1.36.0\opentelemetry-sdk-1.36.0.jar;C:\Users\rafbac\.m2\repository\io\opentelemetry\opentelemetry-sdk-metrics\1.36.0\opentelemetry-sdk-metrics-1.36.0.jar;C:\Users\rafbac\.m2\repository\io\opentelemetry\opentelemetry-sdk-logs\1.36.0\opentelemetry-sdk-logs-1.36.0.jar;C:\Users\rafbac\.m2\repository\net\bytebuddy\byte-buddy\1.14.12\byte-buddy-1.14.12.jar;C:\Users\rafbac\.m2\repository\org\seleniumhq\selenium\selenium-os\4.19.1\selenium-os-4.19.1.jar;C:\Users\rafbac\.m2\repository\org\apache\commons\commons-exec\1.3\commons-exec-1.3.jar;C:\Users\rafbac\.m2\repository\org\seleniumhq\selenium\selenium-safari-driver\4.19.1\selenium-safari-driver-4.19.1.jar;C:\Users\rafbac\.m2\repository\org\seleniumhq\selenium\selenium-support\4.19.1\selenium-support-4.19.1.jar;C:\Users\rafbac\.m2\repository\org\junit\jupiter\junit-jupiter-params\5.11.3\junit-jupiter-params-5.11.3.jar;C:\Users\rafbac\.m2\repository\org\junit\jupiter\junit-jupiter-engine\5.11.3\junit-jupiter-engine-5.11.3.jar;C:\Users\rafbac\.m2\repository\org\junit\platform\junit-platform-engine\1.11.3\junit-platform-engine-1.11.3.jar
Launcher Type: SUN_STANDARD

[Global flags]
     intx CICompilerCount                          = 4                                         {product} {ergonomic}
     uint ConcGCThreads                            = 3                                         {product} {ergonomic}
     uint G1ConcRefinementThreads                  = 10                                        {product} {ergonomic}
   size_t G1HeapRegionSize                         = 4194304                                   {product} {ergonomic}
    uintx GCDrainStackTargetSize                   = 64                                        {product} {ergonomic}
   size_t InitialHeapSize                          = 532676608                                 {product} {ergonomic}
   size_t MarkStackSize                            = 4194304                                   {product} {ergonomic}
   size_t MaxHeapSize                              = 8497659904                                {product} {ergonomic}
   size_t MaxNewSize                               = 5096079360                                {product} {ergonomic}
   size_t MinHeapDeltaBytes                        = 4194304                                   {product} {ergonomic}
   size_t MinHeapSize                              = 8388608                                   {product} {ergonomic}
    uintx NonNMethodCodeHeapSize                   = 5839372                                {pd product} {ergonomic}
    uintx NonProfiledCodeHeapSize                  = 122909434                              {pd product} {ergonomic}
    uintx ProfiledCodeHeapSize                     = 122909434                              {pd product} {ergonomic}
    uintx ReservedCodeCacheSize                    = 251658240                              {pd product} {ergonomic}
     bool SegmentedCodeCache                       = true                                      {product} {ergonomic}
   size_t SoftMaxHeapSize                          = 8497659904                             {manageable} {ergonomic}
     bool UseCompressedOops                        = true                           {product lp64_product} {ergonomic}
     bool UseG1GC                                  = true                                      {product} {ergonomic}
     bool UseLargePagesIndividualAllocation        = false                                  {pd product} {ergonomic}

Logging:
Log output configuration:
 #0: stdout all=warning uptime,level,tags foldmultilines=false
 #1: stderr all=off uptime,level,tags foldmultilines=false

Environment Variables:
JAVA_HOME=C:\Program Files\Amazon Corretto\jdk11.0.15_9
PATH=C:\Program Files\Amazon Corretto\jdk11.0.15_9\bin;C:\ProgramData\Oracle\Java\javapath;C:\Python312\Scripts\;C:\Python312\;C:\Program Files\Zulu\zulu-21\bin\;C:\Program Files (x86)\Common Files\Oracle\Java\javapath;C:\oracle\ora10\bin;C:\Windows\system32;C:\Windows;C:\Windows\System32\Wbem;C:\Windows\System32\WindowsPowerShell\v1.0\;C:\Windows\System32\OpenSSH\;C:\Program Files\dotnet\;C:\Program Files (x86)\NVIDIA Corporation\PhysX\Common;C:\WINDOWS\system32;C:\WINDOWS;C:\WINDOWS\System32\Wbem;C:\WINDOWS\System32\WindowsPowerShell\v1.0\;C:\WINDOWS\System32\OpenSSH\;C:\Program Files (x86)\Gpg4win\..\GnuPG\bin;C:\Program Files\Git\cmd;C:\Program Files\Docker\Docker\resources\bin;C:\Program Files\nodejs\;C:\ProgramData\chocolatey\bin;C:\Users\rafbac\AppData\Local\Microsoft\WindowsApps;;C:\Users\rafbac\AppData\Local\Programs\Microsoft VS Code\bin;C:\Users\rafbac\AppData\Roaming\npm
USERNAME=rafbac
OS=Windows_NT
PROCESSOR_IDENTIFIER=Intel64 Family 6 Model 165 Stepping 2, GenuineIntel
TMP=C:\Users\rafbac\AppData\Local\Temp
TEMP=C:\Users\rafbac\AppData\Local\Temp




Periodic native trim disabled

---------------  S Y S T E M  ---------------

OS:
 Windows 11 , 64 bit Build 22621 (10.0.22621.3958)
OS uptime: 21 days 1:34 hours
Hyper-V role detected

CPU: total 12 (initial active 12) (6 cores per cpu, 2 threads per core) family 6 model 165 stepping 2 microcode 0xf4, cx8, cmov, fxsr, ht, mmx, 3dnowpref, sse, sse2, sse3, ssse3, sse4.1, sse4.2, popcnt, lzcnt, tsc, tscinvbit, avx, avx2, aes, erms, clmul, bmi1, bmi2, adx, fma, vzeroupper, clflush, clflushopt, hv, rdtscp, f16c
Processor Information for all 12 processors :
  Max Mhz: 2592, Current Mhz: 2592, Mhz Limit: 2592

Memory: 4k page, system-wide physical 32401M (5662M free)
TotalPageFile size 93294M (AvailPageFile size 5M)
current process WorkingSet (physical memory assigned to process): 139M, peak: 141M
current process commit charge ("private bytes"): 666M, peak: 670M

vm_info: OpenJDK 64-Bit Server VM (21.0.1+12-29) for windows-amd64 JRE (21.0.1+12-29), built on 2023-10-05T13:27:09Z by "mach5one" with MS VC++ 17.1 (VS2022)

END.
