#
# There is insufficient memory for the Java Runtime Environment to continue.
# Native memory allocation (malloc) failed to allocate 1460816 bytes for Chunk::new
# Possible reasons:
#   The system is out of physical RAM or swap space
#   The process is running with CompressedOops enabled, and the Java Heap may be blocking the growth of the native heap
# Possible solutions:
#   Reduce memory load on the system
#   Increase physical memory or swap space
#   Check if swap backing store is full
#   Decrease Java heap size (-Xmx/-Xms)
#   Decrease number of Java threads
#   Decrease Java thread stack sizes (-Xss)
#   Set larger code cache with -XX:ReservedCodeCacheSize=
#   JVM is running with Zero Based Compressed Oops mode in which the Java heap is
#     placed in the first 32GB address space. The Java Heap base address is the
#     maximum limit for the native heap growth. Please use -XX:HeapBaseMinAddress
#     to set the Java Heap base and to place the Java Heap above 32GB virtual address.
# This output file may be truncated or incomplete.
#
#  Out of Memory Error (arena.cpp:168), pid=192656, tid=90172
#
# JRE version: OpenJDK Runtime Environment (21.0.1+12) (build 21.0.1+12-29)
# Java VM: OpenJDK 64-Bit Server VM (21.0.1+12-29, mixed mode, sharing, tiered, compressed oops, compressed class ptrs, g1 gc, windows-amd64)
# No core dump will be written. Minidumps are not enabled by default on client versions of Windows
#

---------------  S U M M A R Y ------------

Command Line: -ea -Djunit.jupiter.execution.parallel.enabled=true -Djunit.jupiter.execution.parallel.mode.default=concurrent -Didea.test.cyclic.buffer.size=1048576 -javaagent:C:\Program Files\JetBrains\IntelliJ IDEA Community Edition 2023.1\lib\idea_rt.jar=57566:C:\Program Files\JetBrains\IntelliJ IDEA Community Edition 2023.1\bin -Dfile.encoding=UTF-8 -Dsun.stdout.encoding=UTF-8 -Dsun.stderr.encoding=UTF-8 com.intellij.rt.junit.JUnitStarter -ideVersion5 -junit5 @w@C:\Users\rafbac\AppData\Local\Temp\idea_working_dirs_junit.tmp @C:\Users\rafbac\AppData\Local\Temp\idea_junit.tmp -socket57565

Host: Intel(R) Core(TM) i7-10750H CPU @ 2.60GHz, 12 cores, 31G,  Windows 11 , 64 bit Build 22621 (10.0.22621.3958)
Time: Wed Nov  6 15:21:59 2024  Windows 11 , 64 bit Build 22621 (10.0.22621.3958) elapsed time: 1.925974 seconds (0d 0h 0m 1s)

---------------  T H R E A D  ---------------

Current thread (0x00000238707cd720):  JavaThread "C2 CompilerThread0" daemon [_thread_in_native, id=90172, stack(0x0000009685200000,0x0000009685300000) (1024K)]


Current CompileTask:
C2:   1926 1949       4       org.junit.platform.commons.util.AnnotationUtils::findMetaAnnotation (84 bytes)

Stack: [0x0000009685200000,0x0000009685300000]
Native frames: (J=compiled Java code, j=interpreted, Vv=VM code, C=native code)
V  [jvm.dll+0x6c9029]
V  [jvm.dll+0x854b81]
V  [jvm.dll+0x856e5e]
V  [jvm.dll+0x857543]
V  [jvm.dll+0x280c06]
V  [jvm.dll+0xc3ead]
V  [jvm.dll+0xc43c3]
V  [jvm.dll+0x3b5732]
V  [jvm.dll+0x382475]
V  [jvm.dll+0x3818ea]
V  [jvm.dll+0x249ad0]
V  [jvm.dll+0x2490b1]
V  [jvm.dll+0x1c9ca1]
V  [jvm.dll+0x2586b9]
V  [jvm.dll+0x256c9a]
V  [jvm.dll+0x3ef1b6]
V  [jvm.dll+0x7fd728]
V  [jvm.dll+0x6c777d]
C  [ucrtbase.dll+0x29333]
C  [KERNEL32.DLL+0x1257d]
C  [ntdll.dll+0x5af08]


---------------  P R O C E S S  ---------------

Threads class SMR info:
_java_thread_list=0x00000238766ad7e0, length=36, elements={
0x000002384c2e4680, 0x00000238707b0240, 0x00000238707b1160, 0x00000238707b22b0,
0x00000238707b5190, 0x00000238707b5fa0, 0x00000238707beb40, 0x00000238707cd720,
0x00000238707d11e0, 0x000002387089f660, 0x00000238709d48d0, 0x0000023870993f50,
0x0000023870ad9090, 0x00000238757480f0, 0x00000238757a6310, 0x00000238757e6050,
0x00000238757e8b50, 0x00000238757ed1d0, 0x00000238757eeb10, 0x0000023875968a20,
0x00000238759546c0, 0x0000023875954030, 0x0000023875953310, 0x00000238759539a0,
0x000002387585f420, 0x00000238758607d0, 0x000002387585a560, 0x0000023875860140,
0x000002387585e070, 0x000002387585fab0, 0x0000023875860e60, 0x0000023875859ed0,
0x000002387585e700, 0x000002387585abf0, 0x000002387585bfa0, 0x000002387585d350
}

Java Threads: ( => current thread )
  0x000002384c2e4680 JavaThread "main"                              [_thread_blocked, id=192676, stack(0x0000009684400000,0x0000009684500000) (1024K)]
  0x00000238707b0240 JavaThread "Reference Handler"          daemon [_thread_blocked, id=192996, stack(0x0000009684c00000,0x0000009684d00000) (1024K)]
  0x00000238707b1160 JavaThread "Finalizer"                  daemon [_thread_blocked, id=193016, stack(0x0000009684d00000,0x0000009684e00000) (1024K)]
  0x00000238707b22b0 JavaThread "Signal Dispatcher"          daemon [_thread_blocked, id=192904, stack(0x0000009684e00000,0x0000009684f00000) (1024K)]
  0x00000238707b5190 JavaThread "Attach Listener"            daemon [_thread_blocked, id=192896, stack(0x0000009684f00000,0x0000009685000000) (1024K)]
  0x00000238707b5fa0 JavaThread "Service Thread"             daemon [_thread_blocked, id=193008, stack(0x0000009685000000,0x0000009685100000) (1024K)]
  0x00000238707beb40 JavaThread "Monitor Deflation Thread"   daemon [_thread_blocked, id=192852, stack(0x0000009685100000,0x0000009685200000) (1024K)]
=>0x00000238707cd720 JavaThread "C2 CompilerThread0"         daemon [_thread_in_native, id=90172, stack(0x0000009685200000,0x0000009685300000) (1024K)]
  0x00000238707d11e0 JavaThread "C1 CompilerThread0"         daemon [_thread_blocked, id=174700, stack(0x0000009685300000,0x0000009685400000) (1024K)]
  0x000002387089f660 JavaThread "Common-Cleaner"             daemon [_thread_blocked, id=193000, stack(0x0000009685400000,0x0000009685500000) (1024K)]
  0x00000238709d48d0 JavaThread "Monitor Ctrl-Break"         daemon [_thread_in_native, id=192992, stack(0x0000009685500000,0x0000009685600000) (1024K)]
  0x0000023870993f50 JavaThread "Notification Thread"        daemon [_thread_blocked, id=154524, stack(0x0000009685600000,0x0000009685700000) (1024K)]
  0x0000023870ad9090 JavaThread "C2 CompilerThread1"         daemon [_thread_in_native, id=186180, stack(0x0000009685700000,0x0000009685800000) (1024K)]
  0x00000238757480f0 JavaThread "ForkJoinPool-1-worker-1"    daemon [_thread_in_Java, id=187812, stack(0x0000009685800000,0x0000009685900000) (1024K)]
  0x00000238757a6310 JavaThread "ForkJoinPool-1-worker-2"    daemon [_thread_in_native, id=152972, stack(0x0000009685900000,0x0000009685a00000) (1024K)]
  0x00000238757e6050 JavaThread "ForkJoinPool-1-worker-3"    daemon [_thread_in_native, id=193476, stack(0x0000009685a00000,0x0000009685b00000) (1024K)]
  0x00000238757e8b50 JavaThread "ForkJoinPool-1-worker-4"    daemon [_thread_in_native, id=171292, stack(0x0000009685b00000,0x0000009685c00000) (1024K)]
  0x00000238757ed1d0 JavaThread "ForkJoinPool-1-worker-5"    daemon [_thread_in_native, id=187916, stack(0x0000009685c00000,0x0000009685d00000) (1024K)]
  0x00000238757eeb10 JavaThread "ForkJoinPool-1-worker-6"    daemon [_thread_in_native, id=186600, stack(0x0000009685d00000,0x0000009685e00000) (1024K)]
  0x0000023875968a20 JavaThread "C2 CompilerThread2"         daemon [_thread_in_native, id=189104, stack(0x0000009686700000,0x0000009686800000) (1024K)]
  0x00000238759546c0 JavaThread "ForkJoinPool-1-worker-8"    daemon [_thread_in_native, id=153700, stack(0x0000009686800000,0x0000009686900000) (1024K)]
  0x0000023875954030 JavaThread "ForkJoinPool-1-worker-7"    daemon [_thread_in_native, id=190088, stack(0x0000009686900000,0x0000009686a00000) (1024K)]
  0x0000023875953310 JavaThread "ForkJoinPool-1-worker-9"    daemon [_thread_in_native, id=84208, stack(0x0000009686a00000,0x0000009686b00000) (1024K)]
  0x00000238759539a0 JavaThread "ForkJoinPool-1-worker-10"   daemon [_thread_in_native, id=82088, stack(0x0000009686b00000,0x0000009686c00000) (1024K)]
  0x000002387585f420 JavaThread "ForkJoinPool-1-worker-11"   daemon [_thread_in_native, id=49724, stack(0x0000009686c00000,0x0000009686d00000) (1024K)]
  0x00000238758607d0 JavaThread "ForkJoinPool-1-worker-12"   daemon [_thread_in_native, id=144964, stack(0x0000009686d00000,0x0000009686e00000) (1024K)]
  0x000002387585a560 JavaThread "External Process Output Forwarder - C:\Users\rafbac\.cache\selenium\manager\0.4.19\selenium-manager.exe" daemon [_thread_in_native, id=104020, stack(0x0000009686e00000,0x0000009686f00000) (1024K)]
  0x0000023875860140 JavaThread "External Process Output Forwarder - C:\Users\rafbac\.cache\selenium\manager\0.4.19\selenium-manager.exe" daemon [_thread_in_native, id=192384, stack(0x0000009686f00000,0x0000009687000000) (1024K)]
  0x000002387585e070 JavaThread "External Process Output Forwarder - C:\Users\rafbac\.cache\selenium\manager\0.4.19\selenium-manager.exe" daemon [_thread_in_native, id=167916, stack(0x0000009687000000,0x0000009687100000) (1024K)]
  0x000002387585fab0 JavaThread "External Process Output Forwarder - C:\Users\rafbac\.cache\selenium\manager\0.4.19\selenium-manager.exe" daemon [_thread_in_native, id=192972, stack(0x0000009687200000,0x0000009687300000) (1024K)]
  0x0000023875860e60 JavaThread "External Process Output Forwarder - C:\Users\rafbac\.cache\selenium\manager\0.4.19\selenium-manager.exe" daemon [_thread_in_native, id=128528, stack(0x0000009687400000,0x0000009687500000) (1024K)]
  0x0000023875859ed0 JavaThread "External Process Output Forwarder - C:\Users\rafbac\.cache\selenium\manager\0.4.19\selenium-manager.exe" daemon [_thread_in_native, id=192008, stack(0x0000009687600000,0x0000009687700000) (1024K)]
  0x000002387585e700 JavaThread "External Process Output Forwarder - C:\Users\rafbac\.cache\selenium\manager\0.4.19\selenium-manager.exe" daemon [_thread_in_native, id=176176, stack(0x0000009687700000,0x0000009687800000) (1024K)]
  0x000002387585abf0 JavaThread "External Process Output Forwarder - C:\Users\rafbac\.cache\selenium\manager\0.4.19\selenium-manager.exe" daemon [_thread_in_native, id=59456, stack(0x0000009687100000,0x0000009687200000) (1024K)]
  0x000002387585bfa0 JavaThread "External Process Output Forwarder - C:\Users\rafbac\.cache\selenium\manager\0.4.19\selenium-manager.exe" daemon [_thread_in_native, id=185520, stack(0x0000009687500000,0x0000009687600000) (1024K)]
  0x000002387585d350 JavaThread "External Process Output Forwarder - C:\Users\rafbac\.cache\selenium\manager\0.4.19\selenium-manager.exe" daemon [_thread_new, id=193632, stack(0x0000009687800000,0x0000009687900000) (1024K)]
Total: 36

Other Threads:
  0x000002387078dab0 VMThread "VM Thread"                           [id=193012, stack(0x0000009684b00000,0x0000009684c00000) (1024K)]
  0x000002386dcc7000 WatcherThread "VM Periodic Task Thread"        [id=191392, stack(0x0000009684a00000,0x0000009684b00000) (1024K)]
  0x000002386db105f0 WorkerThread "GC Thread#0"                     [id=192748, stack(0x0000009684500000,0x0000009684600000) (1024K)]
  0x00000238757b5050 WorkerThread "GC Thread#1"                     [id=190440, stack(0x0000009685e00000,0x0000009685f00000) (1024K)]
  0x00000238757b5960 WorkerThread "GC Thread#2"                     [id=142232, stack(0x0000009685f00000,0x0000009686000000) (1024K)]
  0x00000238757b5d00 WorkerThread "GC Thread#3"                     [id=136920, stack(0x0000009686000000,0x0000009686100000) (1024K)]
  0x00000238757b60a0 WorkerThread "GC Thread#4"                     [id=193108, stack(0x0000009686100000,0x0000009686200000) (1024K)]
  0x00000238757b9e90 WorkerThread "GC Thread#5"                     [id=185468, stack(0x0000009686200000,0x0000009686300000) (1024K)]
  0x00000238757ba640 WorkerThread "GC Thread#6"                     [id=186444, stack(0x0000009686300000,0x0000009686400000) (1024K)]
  0x00000238757bae60 WorkerThread "GC Thread#7"                     [id=179228, stack(0x0000009686400000,0x0000009686500000) (1024K)]
  0x00000238757bb200 WorkerThread "GC Thread#8"                     [id=181732, stack(0x0000009686500000,0x0000009686600000) (1024K)]
  0x00000238757bba20 WorkerThread "GC Thread#9"                     [id=192988, stack(0x0000009686600000,0x0000009686700000) (1024K)]
  0x000002384c35bba0 ConcurrentGCThread "G1 Main Marker"            [id=11528, stack(0x0000009684600000,0x0000009684700000) (1024K)]
  0x000002384c35cd50 WorkerThread "G1 Conc#0"                       [id=174992, stack(0x0000009684700000,0x0000009684800000) (1024K)]
  0x000002384c38e700 ConcurrentGCThread "G1 Refine#0"               [id=62676, stack(0x0000009684800000,0x0000009684900000) (1024K)]
  0x000002386db9b390 ConcurrentGCThread "G1 Service"                [id=192524, stack(0x0000009684900000,0x0000009684a00000) (1024K)]
Total: 16

Threads with active compile tasks:
C2 CompilerThread0     1990 1949       4       org.junit.platform.commons.util.AnnotationUtils::findMetaAnnotation (84 bytes)
C2 CompilerThread1     1990 2088       4       java.util.regex.Matcher::<init> (95 bytes)
C2 CompilerThread2     1990 2089   !   4       java.util.regex.Pattern::matcher (44 bytes)
Total: 3

VM state: not at safepoint (normal execution)

VM Mutex/Monitor currently owned by a thread: None

OutOfMemory and StackOverflow Exception counts:
OutOfMemoryError java_heap_errors=1
LinkageErrors=122

Heap address: 0x0000000605800000, size: 8104 MB, Compressed Oops mode: Zero based, Oop shift amount: 3

CDS archive(s) mapped at: [0x0000023800000000-0x0000023800c90000-0x0000023800c90000), size 13172736, SharedBaseAddress: 0x0000023800000000, ArchiveRelocationMode: 1.
Compressed class space mapped at: 0x0000023801000000-0x0000023841000000, reserved size: 1073741824
Narrow klass base: 0x0000023800000000, Narrow klass shift: 0, Narrow klass range: 0x100000000

GC Precious Log:
 CardTable entry size: 512
 Card Set container configuration: InlinePtr #cards 4 size 8 Array Of Cards #cards 32 size 80 Howl #buckets 8 coarsen threshold 7372 Howl Bitmap #cards 1024 size 144 coarsen threshold 921 Card regions per heap region 1 cards per card region 8192
 CPUs: 12 total, 12 available
 Memory: 32401M
 Large Page Support: Disabled
 NUMA Support: Disabled
 Compressed Oops: Enabled (Zero based)
 Heap Region Size: 4M
 Heap Min Capacity: 8M
 Heap Initial Capacity: 508M
 Heap Max Capacity: 8104M
 Pre-touch: Disabled
 Parallel Workers: 10
 Concurrent Workers: 3
 Concurrent Refinement Workers: 10
 Periodic GC: Disabled

Heap:
 garbage-first heap   total 520192K, used 40885K [0x0000000605800000, 0x0000000800000000)
  region size 4096K, 8 young (32768K), 1 survivors (4096K)
 Metaspace       used 9548K, committed 9856K, reserved 1114112K
  class space    used 1506K, committed 1664K, reserved 1048576K

Heap Regions: E=young(eden), S=young(survivor), O=old, HS=humongous(starts), HC=humongous(continues), CS=collection set, F=free, TAMS=top-at-mark-start, PB=parsable bottom
|   0|0x0000000605800000, 0x0000000605c00000, 0x0000000605c00000|100%|HS|  |TAMS 0x0000000605800000| PB 0x0000000605800000| Complete 
|   1|0x0000000605c00000, 0x0000000606000000, 0x0000000606000000|100%|HS|  |TAMS 0x0000000605c00000| PB 0x0000000605c00000| Complete 
|   2|0x0000000606000000, 0x0000000606400000, 0x0000000606400000|100%|HS|  |TAMS 0x0000000606000000| PB 0x0000000606000000| Complete 
|   3|0x0000000606400000, 0x0000000606400000, 0x0000000606800000|  0%| F|  |TAMS 0x0000000606400000| PB 0x0000000606400000| Untracked 
|   4|0x0000000606800000, 0x0000000606800000, 0x0000000606c00000|  0%| F|  |TAMS 0x0000000606800000| PB 0x0000000606800000| Untracked 
|   5|0x0000000606c00000, 0x0000000606c00000, 0x0000000607000000|  0%| F|  |TAMS 0x0000000606c00000| PB 0x0000000606c00000| Untracked 
|   6|0x0000000607000000, 0x0000000607000000, 0x0000000607400000|  0%| F|  |TAMS 0x0000000607000000| PB 0x0000000607000000| Untracked 
|   7|0x0000000607400000, 0x0000000607400000, 0x0000000607800000|  0%| F|  |TAMS 0x0000000607400000| PB 0x0000000607400000| Untracked 
|   8|0x0000000607800000, 0x0000000607800000, 0x0000000607c00000|  0%| F|  |TAMS 0x0000000607800000| PB 0x0000000607800000| Untracked 
|   9|0x0000000607c00000, 0x0000000607c00000, 0x0000000608000000|  0%| F|  |TAMS 0x0000000607c00000| PB 0x0000000607c00000| Untracked 
|  10|0x0000000608000000, 0x0000000608000000, 0x0000000608400000|  0%| F|  |TAMS 0x0000000608000000| PB 0x0000000608000000| Untracked 
|  11|0x0000000608400000, 0x0000000608400000, 0x0000000608800000|  0%| F|  |TAMS 0x0000000608400000| PB 0x0000000608400000| Untracked 
|  12|0x0000000608800000, 0x0000000608800000, 0x0000000608c00000|  0%| F|  |TAMS 0x0000000608800000| PB 0x0000000608800000| Untracked 
|  13|0x0000000608c00000, 0x0000000608c00000, 0x0000000609000000|  0%| F|  |TAMS 0x0000000608c00000| PB 0x0000000608c00000| Untracked 
|  14|0x0000000609000000, 0x0000000609000000, 0x0000000609400000|  0%| F|  |TAMS 0x0000000609000000| PB 0x0000000609000000| Untracked 
|  15|0x0000000609400000, 0x0000000609400000, 0x0000000609800000|  0%| F|  |TAMS 0x0000000609400000| PB 0x0000000609400000| Untracked 
|  16|0x0000000609800000, 0x0000000609800000, 0x0000000609c00000|  0%| F|  |TAMS 0x0000000609800000| PB 0x0000000609800000| Untracked 
|  17|0x0000000609c00000, 0x0000000609c00000, 0x000000060a000000|  0%| F|  |TAMS 0x0000000609c00000| PB 0x0000000609c00000| Untracked 
|  18|0x000000060a000000, 0x000000060a000000, 0x000000060a400000|  0%| F|  |TAMS 0x000000060a000000| PB 0x000000060a000000| Untracked 
|  19|0x000000060a400000, 0x000000060a400000, 0x000000060a800000|  0%| F|  |TAMS 0x000000060a400000| PB 0x000000060a400000| Untracked 
|  20|0x000000060a800000, 0x000000060a800000, 0x000000060ac00000|  0%| F|  |TAMS 0x000000060a800000| PB 0x000000060a800000| Untracked 
|  21|0x000000060ac00000, 0x000000060ac00000, 0x000000060b000000|  0%| F|  |TAMS 0x000000060ac00000| PB 0x000000060ac00000| Untracked 
|  22|0x000000060b000000, 0x000000060b000000, 0x000000060b400000|  0%| F|  |TAMS 0x000000060b000000| PB 0x000000060b000000| Untracked 
|  23|0x000000060b400000, 0x000000060b400000, 0x000000060b800000|  0%| F|  |TAMS 0x000000060b400000| PB 0x000000060b400000| Untracked 
|  24|0x000000060b800000, 0x000000060b800000, 0x000000060bc00000|  0%| F|  |TAMS 0x000000060b800000| PB 0x000000060b800000| Untracked 
|  25|0x000000060bc00000, 0x000000060bc00000, 0x000000060c000000|  0%| F|  |TAMS 0x000000060bc00000| PB 0x000000060bc00000| Untracked 
|  26|0x000000060c000000, 0x000000060c000000, 0x000000060c400000|  0%| F|  |TAMS 0x000000060c000000| PB 0x000000060c000000| Untracked 
|  27|0x000000060c400000, 0x000000060c400000, 0x000000060c800000|  0%| F|  |TAMS 0x000000060c400000| PB 0x000000060c400000| Untracked 
|  28|0x000000060c800000, 0x000000060c800000, 0x000000060cc00000|  0%| F|  |TAMS 0x000000060c800000| PB 0x000000060c800000| Untracked 
|  29|0x000000060cc00000, 0x000000060cc00000, 0x000000060d000000|  0%| F|  |TAMS 0x000000060cc00000| PB 0x000000060cc00000| Untracked 
|  30|0x000000060d000000, 0x000000060d000000, 0x000000060d400000|  0%| F|  |TAMS 0x000000060d000000| PB 0x000000060d000000| Untracked 
|  31|0x000000060d400000, 0x000000060d400000, 0x000000060d800000|  0%| F|  |TAMS 0x000000060d400000| PB 0x000000060d400000| Untracked 
|  32|0x000000060d800000, 0x000000060d800000, 0x000000060dc00000|  0%| F|  |TAMS 0x000000060d800000| PB 0x000000060d800000| Untracked 
|  33|0x000000060dc00000, 0x000000060dc00000, 0x000000060e000000|  0%| F|  |TAMS 0x000000060dc00000| PB 0x000000060dc00000| Untracked 
|  34|0x000000060e000000, 0x000000060e000000, 0x000000060e400000|  0%| F|  |TAMS 0x000000060e000000| PB 0x000000060e000000| Untracked 
|  35|0x000000060e400000, 0x000000060e400000, 0x000000060e800000|  0%| F|  |TAMS 0x000000060e400000| PB 0x000000060e400000| Untracked 
|  36|0x000000060e800000, 0x000000060e800000, 0x000000060ec00000|  0%| F|  |TAMS 0x000000060e800000| PB 0x000000060e800000| Untracked 
|  37|0x000000060ec00000, 0x000000060ec00000, 0x000000060f000000|  0%| F|  |TAMS 0x000000060ec00000| PB 0x000000060ec00000| Untracked 
|  38|0x000000060f000000, 0x000000060f000000, 0x000000060f400000|  0%| F|  |TAMS 0x000000060f000000| PB 0x000000060f000000| Untracked 
|  39|0x000000060f400000, 0x000000060f400000, 0x000000060f800000|  0%| F|  |TAMS 0x000000060f400000| PB 0x000000060f400000| Untracked 
|  40|0x000000060f800000, 0x000000060f800000, 0x000000060fc00000|  0%| F|  |TAMS 0x000000060f800000| PB 0x000000060f800000| Untracked 
|  41|0x000000060fc00000, 0x000000060fc00000, 0x0000000610000000|  0%| F|  |TAMS 0x000000060fc00000| PB 0x000000060fc00000| Untracked 
|  42|0x0000000610000000, 0x0000000610000000, 0x0000000610400000|  0%| F|  |TAMS 0x0000000610000000| PB 0x0000000610000000| Untracked 
|  43|0x0000000610400000, 0x0000000610400000, 0x0000000610800000|  0%| F|  |TAMS 0x0000000610400000| PB 0x0000000610400000| Untracked 
|  44|0x0000000610800000, 0x0000000610800000, 0x0000000610c00000|  0%| F|  |TAMS 0x0000000610800000| PB 0x0000000610800000| Untracked 
|  45|0x0000000610c00000, 0x0000000610c00000, 0x0000000611000000|  0%| F|  |TAMS 0x0000000610c00000| PB 0x0000000610c00000| Untracked 
|  46|0x0000000611000000, 0x0000000611000000, 0x0000000611400000|  0%| F|  |TAMS 0x0000000611000000| PB 0x0000000611000000| Untracked 
|  47|0x0000000611400000, 0x0000000611400000, 0x0000000611800000|  0%| F|  |TAMS 0x0000000611400000| PB 0x0000000611400000| Untracked 
|  48|0x0000000611800000, 0x0000000611800000, 0x0000000611c00000|  0%| F|  |TAMS 0x0000000611800000| PB 0x0000000611800000| Untracked 
|  49|0x0000000611c00000, 0x0000000611c00000, 0x0000000612000000|  0%| F|  |TAMS 0x0000000611c00000| PB 0x0000000611c00000| Untracked 
|  50|0x0000000612000000, 0x0000000612000000, 0x0000000612400000|  0%| F|  |TAMS 0x0000000612000000| PB 0x0000000612000000| Untracked 
|  51|0x0000000612400000, 0x0000000612400000, 0x0000000612800000|  0%| F|  |TAMS 0x0000000612400000| PB 0x0000000612400000| Untracked 
|  52|0x0000000612800000, 0x0000000612800000, 0x0000000612c00000|  0%| F|  |TAMS 0x0000000612800000| PB 0x0000000612800000| Untracked 
|  53|0x0000000612c00000, 0x0000000612c00000, 0x0000000613000000|  0%| F|  |TAMS 0x0000000612c00000| PB 0x0000000612c00000| Untracked 
|  54|0x0000000613000000, 0x0000000613000000, 0x0000000613400000|  0%| F|  |TAMS 0x0000000613000000| PB 0x0000000613000000| Untracked 
|  55|0x0000000613400000, 0x0000000613400000, 0x0000000613800000|  0%| F|  |TAMS 0x0000000613400000| PB 0x0000000613400000| Untracked 
|  56|0x0000000613800000, 0x0000000613800000, 0x0000000613c00000|  0%| F|  |TAMS 0x0000000613800000| PB 0x0000000613800000| Untracked 
|  57|0x0000000613c00000, 0x0000000613c00000, 0x0000000614000000|  0%| F|  |TAMS 0x0000000613c00000| PB 0x0000000613c00000| Untracked 
|  58|0x0000000614000000, 0x0000000614000000, 0x0000000614400000|  0%| F|  |TAMS 0x0000000614000000| PB 0x0000000614000000| Untracked 
|  59|0x0000000614400000, 0x0000000614400000, 0x0000000614800000|  0%| F|  |TAMS 0x0000000614400000| PB 0x0000000614400000| Untracked 
|  60|0x0000000614800000, 0x0000000614800000, 0x0000000614c00000|  0%| F|  |TAMS 0x0000000614800000| PB 0x0000000614800000| Untracked 
|  61|0x0000000614c00000, 0x0000000614c00000, 0x0000000615000000|  0%| F|  |TAMS 0x0000000614c00000| PB 0x0000000614c00000| Untracked 
|  62|0x0000000615000000, 0x0000000615000000, 0x0000000615400000|  0%| F|  |TAMS 0x0000000615000000| PB 0x0000000615000000| Untracked 
|  63|0x0000000615400000, 0x0000000615400000, 0x0000000615800000|  0%| F|  |TAMS 0x0000000615400000| PB 0x0000000615400000| Untracked 
|  64|0x0000000615800000, 0x0000000615800000, 0x0000000615c00000|  0%| F|  |TAMS 0x0000000615800000| PB 0x0000000615800000| Untracked 
|  65|0x0000000615c00000, 0x0000000615c00000, 0x0000000616000000|  0%| F|  |TAMS 0x0000000615c00000| PB 0x0000000615c00000| Untracked 
|  66|0x0000000616000000, 0x0000000616000000, 0x0000000616400000|  0%| F|  |TAMS 0x0000000616000000| PB 0x0000000616000000| Untracked 
|  67|0x0000000616400000, 0x0000000616400000, 0x0000000616800000|  0%| F|  |TAMS 0x0000000616400000| PB 0x0000000616400000| Untracked 
|  68|0x0000000616800000, 0x0000000616800000, 0x0000000616c00000|  0%| F|  |TAMS 0x0000000616800000| PB 0x0000000616800000| Untracked 
|  69|0x0000000616c00000, 0x0000000616c00000, 0x0000000617000000|  0%| F|  |TAMS 0x0000000616c00000| PB 0x0000000616c00000| Untracked 
|  70|0x0000000617000000, 0x0000000617000000, 0x0000000617400000|  0%| F|  |TAMS 0x0000000617000000| PB 0x0000000617000000| Untracked 
|  71|0x0000000617400000, 0x0000000617400000, 0x0000000617800000|  0%| F|  |TAMS 0x0000000617400000| PB 0x0000000617400000| Untracked 
|  72|0x0000000617800000, 0x0000000617800000, 0x0000000617c00000|  0%| F|  |TAMS 0x0000000617800000| PB 0x0000000617800000| Untracked 
|  73|0x0000000617c00000, 0x0000000617c00000, 0x0000000618000000|  0%| F|  |TAMS 0x0000000617c00000| PB 0x0000000617c00000| Untracked 
|  74|0x0000000618000000, 0x0000000618000000, 0x0000000618400000|  0%| F|  |TAMS 0x0000000618000000| PB 0x0000000618000000| Untracked 
|  75|0x0000000618400000, 0x0000000618400000, 0x0000000618800000|  0%| F|  |TAMS 0x0000000618400000| PB 0x0000000618400000| Untracked 
|  76|0x0000000618800000, 0x0000000618800000, 0x0000000618c00000|  0%| F|  |TAMS 0x0000000618800000| PB 0x0000000618800000| Untracked 
|  77|0x0000000618c00000, 0x0000000618c00000, 0x0000000619000000|  0%| F|  |TAMS 0x0000000618c00000| PB 0x0000000618c00000| Untracked 
|  78|0x0000000619000000, 0x0000000619000000, 0x0000000619400000|  0%| F|  |TAMS 0x0000000619000000| PB 0x0000000619000000| Untracked 
|  79|0x0000000619400000, 0x0000000619400000, 0x0000000619800000|  0%| F|  |TAMS 0x0000000619400000| PB 0x0000000619400000| Untracked 
|  80|0x0000000619800000, 0x0000000619800000, 0x0000000619c00000|  0%| F|  |TAMS 0x0000000619800000| PB 0x0000000619800000| Untracked 
|  81|0x0000000619c00000, 0x0000000619c00000, 0x000000061a000000|  0%| F|  |TAMS 0x0000000619c00000| PB 0x0000000619c00000| Untracked 
|  82|0x000000061a000000, 0x000000061a000000, 0x000000061a400000|  0%| F|  |TAMS 0x000000061a000000| PB 0x000000061a000000| Untracked 
|  83|0x000000061a400000, 0x000000061a400000, 0x000000061a800000|  0%| F|  |TAMS 0x000000061a400000| PB 0x000000061a400000| Untracked 
|  84|0x000000061a800000, 0x000000061a800000, 0x000000061ac00000|  0%| F|  |TAMS 0x000000061a800000| PB 0x000000061a800000| Untracked 
|  85|0x000000061ac00000, 0x000000061ac00000, 0x000000061b000000|  0%| F|  |TAMS 0x000000061ac00000| PB 0x000000061ac00000| Untracked 
|  86|0x000000061b000000, 0x000000061b000000, 0x000000061b400000|  0%| F|  |TAMS 0x000000061b000000| PB 0x000000061b000000| Untracked 
|  87|0x000000061b400000, 0x000000061b400000, 0x000000061b800000|  0%| F|  |TAMS 0x000000061b400000| PB 0x000000061b400000| Untracked 
|  88|0x000000061b800000, 0x000000061b800000, 0x000000061bc00000|  0%| F|  |TAMS 0x000000061b800000| PB 0x000000061b800000| Untracked 
|  89|0x000000061bc00000, 0x000000061bc00000, 0x000000061c000000|  0%| F|  |TAMS 0x000000061bc00000| PB 0x000000061bc00000| Untracked 
|  90|0x000000061c000000, 0x000000061c000000, 0x000000061c400000|  0%| F|  |TAMS 0x000000061c000000| PB 0x000000061c000000| Untracked 
|  91|0x000000061c400000, 0x000000061c400000, 0x000000061c800000|  0%| F|  |TAMS 0x000000061c400000| PB 0x000000061c400000| Untracked 
|  92|0x000000061c800000, 0x000000061c800000, 0x000000061cc00000|  0%| F|  |TAMS 0x000000061c800000| PB 0x000000061c800000| Untracked 
|  93|0x000000061cc00000, 0x000000061cc00000, 0x000000061d000000|  0%| F|  |TAMS 0x000000061cc00000| PB 0x000000061cc00000| Untracked 
|  94|0x000000061d000000, 0x000000061d000000, 0x000000061d400000|  0%| F|  |TAMS 0x000000061d000000| PB 0x000000061d000000| Untracked 
|  95|0x000000061d400000, 0x000000061d400000, 0x000000061d800000|  0%| F|  |TAMS 0x000000061d400000| PB 0x000000061d400000| Untracked 
|  96|0x000000061d800000, 0x000000061d800000, 0x000000061dc00000|  0%| F|  |TAMS 0x000000061d800000| PB 0x000000061d800000| Untracked 
|  97|0x000000061dc00000, 0x000000061dc00000, 0x000000061e000000|  0%| F|  |TAMS 0x000000061dc00000| PB 0x000000061dc00000| Untracked 
|  98|0x000000061e000000, 0x000000061e000000, 0x000000061e400000|  0%| F|  |TAMS 0x000000061e000000| PB 0x000000061e000000| Untracked 
|  99|0x000000061e400000, 0x000000061e400000, 0x000000061e800000|  0%| F|  |TAMS 0x000000061e400000| PB 0x000000061e400000| Untracked 
| 100|0x000000061e800000, 0x000000061e800000, 0x000000061ec00000|  0%| F|  |TAMS 0x000000061e800000| PB 0x000000061e800000| Untracked 
| 101|0x000000061ec00000, 0x000000061ec00000, 0x000000061f000000|  0%| F|  |TAMS 0x000000061ec00000| PB 0x000000061ec00000| Untracked 
| 102|0x000000061f000000, 0x000000061f000000, 0x000000061f400000|  0%| F|  |TAMS 0x000000061f000000| PB 0x000000061f000000| Untracked 
| 103|0x000000061f400000, 0x000000061f400000, 0x000000061f800000|  0%| F|  |TAMS 0x000000061f400000| PB 0x000000061f400000| Untracked 
| 104|0x000000061f800000, 0x000000061f800000, 0x000000061fc00000|  0%| F|  |TAMS 0x000000061f800000| PB 0x000000061f800000| Untracked 
| 105|0x000000061fc00000, 0x000000061fc00000, 0x0000000620000000|  0%| F|  |TAMS 0x000000061fc00000| PB 0x000000061fc00000| Untracked 
| 106|0x0000000620000000, 0x0000000620000000, 0x0000000620400000|  0%| F|  |TAMS 0x0000000620000000| PB 0x0000000620000000| Untracked 
| 107|0x0000000620400000, 0x0000000620400000, 0x0000000620800000|  0%| F|  |TAMS 0x0000000620400000| PB 0x0000000620400000| Untracked 
| 108|0x0000000620800000, 0x0000000620800000, 0x0000000620c00000|  0%| F|  |TAMS 0x0000000620800000| PB 0x0000000620800000| Untracked 
| 109|0x0000000620c00000, 0x0000000620c00000, 0x0000000621000000|  0%| F|  |TAMS 0x0000000620c00000| PB 0x0000000620c00000| Untracked 
| 110|0x0000000621000000, 0x0000000621000000, 0x0000000621400000|  0%| F|  |TAMS 0x0000000621000000| PB 0x0000000621000000| Untracked 
| 111|0x0000000621400000, 0x0000000621400000, 0x0000000621800000|  0%| F|  |TAMS 0x0000000621400000| PB 0x0000000621400000| Untracked 
| 112|0x0000000621800000, 0x0000000621800000, 0x0000000621c00000|  0%| F|  |TAMS 0x0000000621800000| PB 0x0000000621800000| Untracked 
| 113|0x0000000621c00000, 0x0000000621c00000, 0x0000000622000000|  0%| F|  |TAMS 0x0000000621c00000| PB 0x0000000621c00000| Untracked 
| 114|0x0000000622000000, 0x0000000622000000, 0x0000000622400000|  0%| F|  |TAMS 0x0000000622000000| PB 0x0000000622000000| Untracked 
| 115|0x0000000622400000, 0x0000000622400000, 0x0000000622800000|  0%| F|  |TAMS 0x0000000622400000| PB 0x0000000622400000| Untracked 
| 116|0x0000000622800000, 0x0000000622800000, 0x0000000622c00000|  0%| F|  |TAMS 0x0000000622800000| PB 0x0000000622800000| Untracked 
| 117|0x0000000622c00000, 0x0000000622c00000, 0x0000000623000000|  0%| F|  |TAMS 0x0000000622c00000| PB 0x0000000622c00000| Untracked 
| 118|0x0000000623000000, 0x0000000623000000, 0x0000000623400000|  0%| F|  |TAMS 0x0000000623000000| PB 0x0000000623000000| Untracked 
| 119|0x0000000623400000, 0x0000000623633580, 0x0000000623800000| 55%| E|  |TAMS 0x0000000623400000| PB 0x0000000623400000| Complete 
| 120|0x0000000623800000, 0x0000000623bed788, 0x0000000623c00000| 98%| S|CS|TAMS 0x0000000623800000| PB 0x0000000623800000| Complete 
| 121|0x0000000623c00000, 0x0000000624000000, 0x0000000624000000|100%| E|CS|TAMS 0x0000000623c00000| PB 0x0000000623c00000| Complete 
| 122|0x0000000624000000, 0x0000000624400000, 0x0000000624400000|100%| E|CS|TAMS 0x0000000624000000| PB 0x0000000624000000| Complete 
| 123|0x0000000624400000, 0x0000000624800000, 0x0000000624800000|100%| E|CS|TAMS 0x0000000624400000| PB 0x0000000624400000| Complete 
| 124|0x0000000624800000, 0x0000000624c00000, 0x0000000624c00000|100%| E|CS|TAMS 0x0000000624800000| PB 0x0000000624800000| Complete 
| 125|0x0000000624c00000, 0x0000000625000000, 0x0000000625000000|100%| E|CS|TAMS 0x0000000624c00000| PB 0x0000000624c00000| Complete 
| 126|0x0000000625000000, 0x0000000625400000, 0x0000000625400000|100%| E|CS|TAMS 0x0000000625000000| PB 0x0000000625000000| Complete 

Card table byte_map: [0x0000023864c50000,0x0000023865c30000] _byte_map_base: 0x0000023861c24000

Marking Bits: (CMBitMap*) 0x000002384c34b580
 Bits: [0x0000023865c30000, 0x000002386dad0000)

Polling page: 0x000002384a290000

Metaspace:

Usage:
  Non-class:      7.86 MB used.
      Class:      1.47 MB used.
       Both:      9.33 MB used.

Virtual space:
  Non-class space:       64.00 MB reserved,       8.00 MB ( 12%) committed,  1 nodes.
      Class space:        1.00 GB reserved,       1.62 MB ( <1%) committed,  1 nodes.
             Both:        1.06 GB reserved,       9.62 MB ( <1%) committed. 

Chunk freelists:
   Non-Class:  7.81 MB
       Class:  14.28 MB
        Both:  22.09 MB

MaxMetaspaceSize: unlimited
CompressedClassSpaceSize: 1.00 GB
Initial GC threshold: 21.00 MB
Current GC threshold: 21.00 MB
CDS: on
 - commit_granule_bytes: 65536.
 - commit_granule_words: 8192.
 - virtual_space_node_default_size: 8388608.
 - enlarge_chunks_in_place: 1.
 - use_allocation_guard: 0.


Internal statistics:

num_allocs_failed_limit: 0.
num_arena_births: 382.
num_arena_deaths: 0.
num_vsnodes_births: 2.
num_vsnodes_deaths: 0.
num_space_committed: 154.
num_space_uncommitted: 0.
num_chunks_returned_to_freelist: 0.
num_chunks_taken_from_freelist: 780.
num_chunk_merges: 0.
num_chunk_splits: 432.
num_chunks_enlarged: 189.
num_inconsistent_stats: 0.

CodeHeap 'non-profiled nmethods': size=120000Kb used=841Kb max_used=841Kb free=119158Kb
 bounds [0x000002385c1e0000, 0x000002385c450000, 0x0000023863710000]
CodeHeap 'profiled nmethods': size=120000Kb used=3934Kb max_used=3934Kb free=116066Kb
 bounds [0x0000023854710000, 0x0000023854af0000, 0x000002385bc40000]
CodeHeap 'non-nmethods': size=5760Kb used=1411Kb max_used=1463Kb free=4348Kb
 bounds [0x000002385bc40000, 0x000002385beb0000, 0x000002385c1e0000]
 total_blobs=2600 nmethods=2097 adapters=407
 compilation: enabled
              stopped_count=0, restarted_count=0
 full_count=0

Compilation events (20 events):
Event: 1.911 Thread 0x00000238707d11e0 nmethod 2069 0x0000023854ad1110 code [0x0000023854ad1340, 0x0000023854ad1968]
Event: 1.911 Thread 0x00000238707d11e0 2063       3       java.io.StringWriter::write (14 bytes)
Event: 1.911 Thread 0x00000238707d11e0 nmethod 2063 0x0000023854ad1b90 code [0x0000023854ad1d40, 0x0000023854ad2020]
Event: 1.911 Thread 0x00000238707d11e0 2064   !   3       java.io.PrintWriter::implNewLine (48 bytes)
Event: 1.912 Thread 0x0000023875968a20 nmethod 2060 0x000002385c2ab510 code [0x000002385c2ab6a0, 0x000002385c2ab920]
Event: 1.912 Thread 0x00000238707d11e0 nmethod 2064 0x0000023854ad2190 code [0x0000023854ad23c0, 0x0000023854ad2a20]
Event: 1.912 Thread 0x00000238707d11e0 2065       3       java.io.StringWriter::write (10 bytes)
Event: 1.912 Thread 0x0000023875968a20 2071       4       sun.reflect.annotation.AnnotationInvocationHandler::memberValueEquals (212 bytes)
Event: 1.912 Thread 0x00000238707d11e0 nmethod 2065 0x0000023854ad2d10 code [0x0000023854ad2ec0, 0x0000023854ad3190]
Event: 1.912 Thread 0x00000238707d11e0 2067       3       java.util.StringJoiner::add (110 bytes)
Event: 1.913 Thread 0x00000238707d11e0 nmethod 2067 0x0000023854ad3290 code [0x0000023854ad34e0, 0x0000023854ad3fc8]
Event: 1.913 Thread 0x00000238707d11e0 2068       3       java.nio.charset.Charset::lookup (44 bytes)
Event: 1.914 Thread 0x00000238707d11e0 nmethod 2068 0x0000023854ad4390 code [0x0000023854ad4580, 0x0000023854ad49f0]
Event: 1.916 Thread 0x00000238707d11e0 2073       3       java.util.ArrayList::<init> (65 bytes)
Event: 1.916 Thread 0x0000023870ad9090 nmethod 2052 0x000002385c2ab990 code [0x000002385c2abbc0, 0x000002385c2ac948]
Event: 1.916 Thread 0x00000238707d11e0 nmethod 2073 0x0000023854ad4b90 code [0x0000023854ad4da0, 0x0000023854ad5410]
Event: 1.917 Thread 0x0000023870ad9090 2072       4       java.lang.reflect.Proxy::getInvocationHandler (69 bytes)
Event: 1.918 Thread 0x0000023875968a20 nmethod 2071 0x000002385c2ad110 code [0x000002385c2ad2e0, 0x000002385c2ad738]
Event: 1.919 Thread 0x0000023875968a20 2070       4       java.lang.Enum::hashCode (21 bytes)
Event: 1.919 Thread 0x0000023875968a20 nmethod 2070 0x000002385c2ad990 code [0x000002385c2adb20, 0x000002385c2adc08]

GC Heap History (2 events):
Event: 0.848 GC heap before
{Heap before GC invocations=0 (full 0):
 garbage-first heap   total 520192K, used 24576K [0x0000000605800000, 0x0000000800000000)
  region size 4096K, 6 young (24576K), 0 survivors (0K)
 Metaspace       used 5743K, committed 5952K, reserved 1114112K
  class space    used 777K, committed 896K, reserved 1048576K
}
Event: 0.852 GC heap after
{Heap after GC invocations=1 (full 0):
 garbage-first heap   total 520192K, used 4021K [0x0000000605800000, 0x0000000800000000)
  region size 4096K, 1 young (4096K), 1 survivors (4096K)
 Metaspace       used 5743K, committed 5952K, reserved 1114112K
  class space    used 777K, committed 896K, reserved 1048576K
}

Dll operation events (10 events):
Event: 0.011 Loaded shared library C:\Java\jdk-21.0.1\bin\java.dll
Event: 0.043 Loaded shared library C:\Java\jdk-21.0.1\bin\jsvml.dll
Event: 0.128 Loaded shared library C:\Java\jdk-21.0.1\bin\zip.dll
Event: 0.132 Loaded shared library C:\JAVA\jdk-21.0.1\bin\instrument.dll
Event: 0.137 Loaded shared library C:\JAVA\jdk-21.0.1\bin\net.dll
Event: 0.140 Loaded shared library C:\JAVA\jdk-21.0.1\bin\nio.dll
Event: 0.143 Loaded shared library C:\JAVA\jdk-21.0.1\bin\zip.dll
Event: 0.157 Loaded shared library C:\Program Files\JetBrains\IntelliJ IDEA Community Edition 2023.1\bin\breakgen64.dll
Event: 0.168 Loaded shared library C:\JAVA\jdk-21.0.1\bin\extnet.dll
Event: 0.280 Loaded shared library C:\JAVA\jdk-21.0.1\bin\jimage.dll

Deoptimization events (20 events):
Event: 1.888 Thread 0x00000238757e6050 DEOPT PACKING pc=0x000002385c248984 sp=0x0000009685afc7d0
Event: 1.888 Thread 0x00000238757e6050 DEOPT UNPACKING pc=0x000002385bc946a2 sp=0x0000009685afc668 mode 2
Event: 1.888 Thread 0x00000238757e6050 Uncommon trap: trap_request=0xffffff45 fr.pc=0x000002385c233650 relative=0x0000000000000570
Event: 1.888 Thread 0x00000238757e6050 Uncommon trap: reason=unstable_if action=reinterpret pc=0x000002385c233650 method=java.lang.AbstractStringBuilder.inflateIfNeededFor(Ljava/lang/String;)V @ 14 c2
Event: 1.888 Thread 0x00000238757e6050 DEOPT PACKING pc=0x000002385c233650 sp=0x0000009685afc750
Event: 1.888 Thread 0x00000238757e6050 DEOPT UNPACKING pc=0x000002385bc946a2 sp=0x0000009685afc658 mode 2
Event: 1.893 Thread 0x00000238757e6050 Uncommon trap: trap_request=0xffffff45 fr.pc=0x000002385c211898 relative=0x00000000000000f8
Event: 1.893 Thread 0x00000238757e6050 Uncommon trap: reason=unstable_if action=reinterpret pc=0x000002385c211898 method=java.lang.String.getBytes([BIB)V @ 5 c2
Event: 1.893 Thread 0x00000238757e6050 DEOPT PACKING pc=0x000002385c211898 sp=0x0000009685afd1d0
Event: 1.893 Thread 0x00000238757e6050 DEOPT UNPACKING pc=0x000002385bc946a2 sp=0x0000009685afd178 mode 2
Event: 1.893 Thread 0x00000238757e6050 Uncommon trap: trap_request=0xffffff45 fr.pc=0x000002385c238650 relative=0x0000000000000670
Event: 1.893 Thread 0x00000238757e6050 Uncommon trap: reason=unstable_if action=reinterpret pc=0x000002385c238650 method=java.lang.String.substring(II)Ljava/lang/String; @ 31 c2
Event: 1.893 Thread 0x00000238757e6050 DEOPT PACKING pc=0x000002385c238650 sp=0x0000009685afd7b0
Event: 1.893 Thread 0x00000238757e6050 DEOPT UNPACKING pc=0x000002385bc946a2 sp=0x0000009685afd768 mode 2
Event: 1.894 Thread 0x00000238757e6050 DEOPT PACKING pc=0x000002385493d0ff sp=0x0000009685afd7e0
Event: 1.894 Thread 0x00000238757e6050 DEOPT UNPACKING pc=0x000002385bc94e42 sp=0x0000009685afcd08 mode 0
Event: 1.894 Thread 0x00000238757e6050 Uncommon trap: trap_request=0xffffff45 fr.pc=0x000002385c2a856c relative=0x000000000000076c
Event: 1.894 Thread 0x00000238757e6050 Uncommon trap: reason=unstable_if action=reinterpret pc=0x000002385c2a856c method=java.lang.StringUTF16.compress([CII)[B @ 13 c2
Event: 1.894 Thread 0x00000238757e6050 DEOPT PACKING pc=0x000002385c2a856c sp=0x0000009685afd860
Event: 1.894 Thread 0x00000238757e6050 DEOPT UNPACKING pc=0x000002385bc946a2 sp=0x0000009685afd698 mode 2

Classes loaded (20 events):
Event: 1.652 Loading class java/util/Collections$ReverseComparator
Event: 1.652 Loading class java/util/Collections$ReverseComparator done
Event: 1.652 Loading class java/util/Collections$ReverseComparator2
Event: 1.652 Loading class java/util/Collections$ReverseComparator2 done
Event: 1.671 Loading class java/util/regex/Pattern$SliceI
Event: 1.671 Loading class java/util/regex/Pattern$SliceI done
Event: 1.673 Loading class java/io/PrintWriter$1
Event: 1.673 Loading class jdk/internal/access/JavaIOPrintWriterAccess
Event: 1.673 Loading class jdk/internal/access/JavaIOPrintWriterAccess done
Event: 1.673 Loading class java/io/PrintWriter$1 done
Event: 1.747 Loading class java/util/concurrent/CompletableFuture
Event: 1.748 Loading class java/util/concurrent/CompletionStage
Event: 1.748 Loading class java/util/concurrent/CompletionStage done
Event: 1.749 Loading class java/util/concurrent/CompletableFuture done
Event: 1.751 Loading class java/util/concurrent/CompletableFuture$AltResult
Event: 1.751 Loading class java/util/concurrent/CompletableFuture$AltResult done
Event: 1.751 Loading class java/util/concurrent/CompletableFuture$Completion
Event: 1.751 Loading class java/util/concurrent/CompletableFuture$AsynchronousCompletionTask
Event: 1.751 Loading class java/util/concurrent/CompletableFuture$AsynchronousCompletionTask done
Event: 1.751 Loading class java/util/concurrent/CompletableFuture$Completion done

Classes unloaded (0 events):
No events

Classes redefined (0 events):
No events

Internal exceptions (20 events):
Event: 1.092 Thread 0x00000238757eeb10 Exception <a 'java/lang/NoSuchMethodError'{0x000000062457d0a0}: 'java.lang.Object java.lang.invoke.DirectMethodHandle$Holder.invokeInterface(java.lang.Object, java.lang.Object, java.lang.Object, java.lang.Object)'> (0x000000062457d0a0) 
thrown [s\open\src\hotspot\share\interpreter\linkResolver.cpp, line 773]
Event: 1.092 Thread 0x0000023875954030 Exception <a 'java/lang/NoSuchMethodError'{0x000000062406a0d0}: 'java.lang.Object java.lang.invoke.DirectMethodHandle$Holder.invokeInterface(java.lang.Object, java.lang.Object, java.lang.Object, java.lang.Object)'> (0x000000062406a0d0) 
thrown [s\open\src\hotspot\share\interpreter\linkResolver.cpp, line 773]
Event: 1.092 Thread 0x00000238759546c0 Exception <a 'java/lang/NoSuchMethodError'{0x00000006245faba0}: 'java.lang.Object java.lang.invoke.DirectMethodHandle$Holder.invokeInterface(java.lang.Object, java.lang.Object, java.lang.Object, java.lang.Object)'> (0x00000006245faba0) 
thrown [s\open\src\hotspot\share\interpreter\linkResolver.cpp, line 773]
Event: 1.092 Thread 0x00000238758607d0 Exception <a 'java/lang/NoSuchMethodError'{0x000000062473d1a0}: 'java.lang.Object java.lang.invoke.DirectMethodHandle$Holder.invokeInterface(java.lang.Object, java.lang.Object, java.lang.Object, java.lang.Object)'> (0x000000062473d1a0) 
thrown [s\open\src\hotspot\share\interpreter\linkResolver.cpp, line 773]
Event: 1.092 Thread 0x0000023875953310 Exception <a 'java/lang/NoSuchMethodError'{0x00000006245e7f10}: 'java.lang.Object java.lang.invoke.DirectMethodHandle$Holder.invokeInterface(java.lang.Object, java.lang.Object, java.lang.Object, java.lang.Object)'> (0x00000006245e7f10) 
thrown [s\open\src\hotspot\share\interpreter\linkResolver.cpp, line 773]
Event: 1.092 Thread 0x000002387585f420 Exception <a 'java/lang/NoSuchMethodError'{0x000000062472b8b0}: 'java.lang.Object java.lang.invoke.DirectMethodHandle$Holder.invokeInterface(java.lang.Object, java.lang.Object, java.lang.Object, java.lang.Object)'> (0x000000062472b8b0) 
thrown [s\open\src\hotspot\share\interpreter\linkResolver.cpp, line 773]
Event: 1.092 Thread 0x00000238757a6310 Exception <a 'java/lang/NoSuchMethodError'{0x00000006246f23a8}: 'java.lang.Object java.lang.invoke.DirectMethodHandle$Holder.invokeInterface(java.lang.Object, java.lang.Object, java.lang.Object, java.lang.Object)'> (0x00000006246f23a8) 
thrown [s\open\src\hotspot\share\interpreter\linkResolver.cpp, line 773]
Event: 1.092 Thread 0x00000238757e8b50 Exception <a 'java/lang/NoSuchMethodError'{0x0000000624005378}: 'java.lang.Object java.lang.invoke.DirectMethodHandle$Holder.invokeInterface(java.lang.Object, java.lang.Object, java.lang.Object, java.lang.Object)'> (0x0000000624005378) 
thrown [s\open\src\hotspot\share\interpreter\linkResolver.cpp, line 773]
Event: 1.092 Thread 0x00000238757ed1d0 Exception <a 'java/lang/NoSuchMethodError'{0x000000062455b670}: 'java.lang.Object java.lang.invoke.DirectMethodHandle$Holder.invokeInterface(java.lang.Object, java.lang.Object, java.lang.Object, java.lang.Object)'> (0x000000062455b670) 
thrown [s\open\src\hotspot\share\interpreter\linkResolver.cpp, line 773]
Event: 1.092 Thread 0x00000238757480f0 Exception <a 'java/lang/NoSuchMethodError'{0x00000006246cf438}: 'java.lang.Object java.lang.invoke.DirectMethodHandle$Holder.invokeInterface(java.lang.Object, java.lang.Object, java.lang.Object, java.lang.Object)'> (0x00000006246cf438) 
thrown [s\open\src\hotspot\share\interpreter\linkResolver.cpp, line 773]
Event: 1.092 Thread 0x00000238759539a0 Exception <a 'java/lang/NoSuchMethodError'{0x00000006246e17a8}: 'java.lang.Object java.lang.invoke.DirectMethodHandle$Holder.invokeInterface(java.lang.Object, java.lang.Object, java.lang.Object, java.lang.Object)'> (0x00000006246e17a8) 
thrown [s\open\src\hotspot\share\interpreter\linkResolver.cpp, line 773]
Event: 1.110 Thread 0x00000238757e8b50 Exception <a 'java/lang/NoSuchMethodError'{0x000000062400edd8}: 'void java.lang.invoke.DirectMethodHandle$Holder.invokeStatic(java.lang.Object, long)'> (0x000000062400edd8) 
thrown [s\open\src\hotspot\share\interpreter\linkResolver.cpp, line 773]
Event: 1.111 Thread 0x00000238757e8b50 Exception <a 'java/lang/NoSuchMethodError'{0x00000006240147e0}: 'java.lang.Object java.lang.invoke.DirectMethodHandle$Holder.newInvokeSpecial(java.lang.Object, long)'> (0x00000006240147e0) 
thrown [s\open\src\hotspot\share\interpreter\linkResolver.cpp, line 773]
Event: 1.112 Thread 0x00000238757e8b50 Exception <a 'java/lang/NoSuchMethodError'{0x000000062401bc80}: 'java.lang.Object java.lang.invoke.DirectMethodHandle$Holder.invokeStatic(java.lang.Object, long, java.lang.Object)'> (0x000000062401bc80) 
thrown [s\open\src\hotspot\share\interpreter\linkResolver.cpp, line 773]
Event: 1.112 Thread 0x00000238757e8b50 Exception <a 'java/lang/NoSuchMethodError'{0x000000062401fc18}: 'java.lang.Object java.lang.invoke.DirectMethodHandle$Holder.invokeStaticInit(java.lang.Object, long, java.lang.Object)'> (0x000000062401fc18) 
thrown [s\open\src\hotspot\share\interpreter\linkResolver.cpp, line 773]
Event: 1.621 Thread 0x00000238759539a0 Exception <a 'java/lang/NoSuchMethodError'{0x00000006242c5598}: 'java.lang.Object java.lang.invoke.DirectMethodHandle$Holder.invokeSpecial(java.lang.Object, java.lang.Object, int, java.lang.Object, java.lang.Object)'> (0x00000006242c5598) 
thrown [s\open\src\hotspot\share\interpreter\linkResolver.cpp, line 773]
Event: 1.640 Thread 0x00000238759539a0 Exception <a 'java/lang/IncompatibleClassChangeError'{0x0000000624358300}: Found class java.lang.Object, but interface was expected> (0x0000000624358300) 
thrown [s\open\src\hotspot\share\interpreter\linkResolver.cpp, line 840]
Event: 1.640 Thread 0x00000238757e6050 Exception <a 'java/lang/IncompatibleClassChangeError'{0x00000006243368a0}: Found class java.lang.Object, but interface was expected> (0x00000006243368a0) 
thrown [s\open\src\hotspot\share\interpreter\linkResolver.cpp, line 840]
Event: 1.886 Thread 0x00000238757a6310 Exception <a 'java/lang/OutOfMemoryError'{0x0000000623f6e5f8}: unable to create native thread: possibly out of memory or process/resource limits reached> (0x0000000623f6e5f8) 
thrown [s\open\src\hotspot\share\prims\jvm.cpp, line 3013]
Event: 1.888 Thread 0x00000238757e6050 Exception <a 'java/io/IOException'{0x0000000623eccb10}: CreateProcess error=1455, Plik stronicowania jest za mały do ukończenia tej operacji> (0x0000000623eccb10) 
thrown [s\open\src\hotspot\share\prims\jni.cpp, line 539]

ZGC Phase Switch (0 events):
No events

VM Operations (20 events):
Event: 0.662 Executing VM operation: ICBufferFull
Event: 0.662 Executing VM operation: ICBufferFull done
Event: 0.789 Executing VM operation: HandshakeAllThreads (Deoptimize)
Event: 0.789 Executing VM operation: HandshakeAllThreads (Deoptimize) done
Event: 0.848 Executing VM operation: G1CollectForAllocation (G1 Evacuation Pause)
Event: 0.853 Executing VM operation: G1CollectForAllocation (G1 Evacuation Pause) done
Event: 0.882 Executing VM operation: HandshakeAllThreads (Deoptimize)
Event: 0.882 Executing VM operation: HandshakeAllThreads (Deoptimize) done
Event: 0.888 Executing VM operation: HandshakeAllThreads (Deoptimize)
Event: 0.888 Executing VM operation: HandshakeAllThreads (Deoptimize) done
Event: 0.947 Executing VM operation: HandshakeAllThreads (Deoptimize)
Event: 0.947 Executing VM operation: HandshakeAllThreads (Deoptimize) done
Event: 1.009 Executing VM operation: HandshakeAllThreads (Deoptimize)
Event: 1.009 Executing VM operation: HandshakeAllThreads (Deoptimize) done
Event: 1.032 Executing VM operation: HandshakeAllThreads (Deoptimize)
Event: 1.032 Executing VM operation: HandshakeAllThreads (Deoptimize) done
Event: 1.080 Executing VM operation: HandshakeAllThreads (Deoptimize)
Event: 1.081 Executing VM operation: HandshakeAllThreads (Deoptimize) done
Event: 1.787 Executing VM operation: ICBufferFull
Event: 1.805 Executing VM operation: ICBufferFull done

Events (20 events):
Event: 1.157 Thread 0x0000023875859ed0 Thread added: 0x0000023875859ed0
Event: 1.162 Thread 0x000002387585e700 Thread added: 0x000002387585e700
Event: 1.170 Thread 0x00000238758614f0 Thread added: 0x00000238758614f0
Event: 1.233 Thread 0x000002387585ed90 Thread added: 0x000002387585ed90
Event: 1.603 Thread 0x000002387585ed90 Thread exited: 0x000002387585ed90
Event: 1.623 Thread 0x000002387585b910 Thread exited: 0x000002387585b910
Event: 1.688 Thread 0x000002387585b910 Thread added: 0x000002387585b910
Event: 1.736 Thread 0x000002387585abf0 Thread exited: 0x000002387585abf0
Event: 1.758 Thread 0x000002387585abf0 Thread added: 0x000002387585abf0
Event: 1.766 Thread 0x000002387585ed90 Thread added: 0x000002387585ed90
Event: 1.774 Thread 0x000002387585b910 Thread exited: 0x000002387585b910
Event: 1.774 Thread 0x00000238758614f0 Thread exited: 0x00000238758614f0
Event: 1.826 Thread 0x00000238758614f0 Thread added: 0x00000238758614f0
Event: 1.836 Thread 0x000002387585bfa0 Thread added: 0x000002387585bfa0
Event: 1.837 Thread 0x000002387585abf0 Thread exited: 0x000002387585abf0
Event: 1.841 Thread 0x00000238758614f0 Thread exited: 0x00000238758614f0
Event: 1.843 Thread 0x000002387585ed90 Thread exited: 0x000002387585ed90
Event: 1.880 Thread 0x000002387585abf0 Thread added: 0x000002387585abf0
Event: 1.903 Thread 0x000002387585bfa0 Thread exited: 0x000002387585bfa0
Event: 1.920 Thread 0x000002387585bfa0 Thread added: 0x000002387585bfa0


Dynamic libraries:
0x00007ff61b4f0000 - 0x00007ff61b4fe000 	C:\Java\jdk-21.0.1\bin\java.exe
0x00007fffa03b0000 - 0x00007fffa03ba000 	C:\Program Files\Cylance\Desktop\CyN64F9WQC8T5LP.dll
0x00007fffa40e0000 - 0x00007fffa40ed000 	C:\Program Files\Cylance\Desktop\CyK64HEWPXHQH.dll
0x00007fff8b3c0000 - 0x00007fff8b592000 	C:\Program Files\Cylance\Desktop\CylanceMemDef64.dll
0x00007fffcb990000 - 0x00007fffcbba7000 	C:\WINDOWS\SYSTEM32\ntdll.dll
0x00007fffca390000 - 0x00007fffca454000 	C:\WINDOWS\System32\KERNEL32.DLL
0x00007fffc8f90000 - 0x00007fffc9347000 	C:\WINDOWS\System32\KERNELBASE.dll
0x00007fffc9350000 - 0x00007fffc9461000 	C:\WINDOWS\System32\ucrtbase.dll
0x00007fffaaac0000 - 0x00007fffaaad8000 	C:\Java\jdk-21.0.1\bin\jli.dll
0x00007fffc9d60000 - 0x00007fffc9f0f000 	C:\WINDOWS\System32\USER32.dll
0x00007fffc94a0000 - 0x00007fffc94c6000 	C:\WINDOWS\System32\win32u.dll
0x00007fffcab70000 - 0x00007fffcab99000 	C:\WINDOWS\System32\GDI32.dll
0x00007fffc8ca0000 - 0x00007fffc8db8000 	C:\WINDOWS\System32\gdi32full.dll
0x00007fffc8dc0000 - 0x00007fffc8e5a000 	C:\WINDOWS\System32\msvcp_win.dll
0x00007fffaaaa0000 - 0x00007fffaaabb000 	C:\Java\jdk-21.0.1\bin\VCRUNTIME140.dll
0x00007fffabe20000 - 0x00007fffac0b3000 	C:\WINDOWS\WinSxS\amd64_microsoft.windows.common-controls_6595b64144ccf1df_6.0.22621.3672_none_2713b9d173822955\COMCTL32.dll
0x00007fffcaac0000 - 0x00007fffcab67000 	C:\WINDOWS\System32\msvcrt.dll
0x00007fffcb410000 - 0x00007fffcb441000 	C:\WINDOWS\System32\IMM32.DLL
0x00007fffac4a0000 - 0x00007fffac4ac000 	C:\Java\jdk-21.0.1\bin\vcruntime140_1.dll
0x00007fffa0180000 - 0x00007fffa020e000 	C:\Java\jdk-21.0.1\bin\msvcp140.dll
0x00007fff34290000 - 0x00007fff34fa5000 	C:\Java\jdk-21.0.1\bin\server\jvm.dll
0x00007fffc9f50000 - 0x00007fffca002000 	C:\WINDOWS\System32\ADVAPI32.dll
0x00007fffca010000 - 0x00007fffca0b8000 	C:\WINDOWS\System32\sechost.dll
0x00007fffc9470000 - 0x00007fffc9498000 	C:\WINDOWS\System32\bcrypt.dll
0x00007fffca0c0000 - 0x00007fffca1d4000 	C:\WINDOWS\System32\RPCRT4.dll
0x00007fffc9c50000 - 0x00007fffc9cc1000 	C:\WINDOWS\System32\WS2_32.dll
0x00007fffc7b10000 - 0x00007fffc7b5d000 	C:\WINDOWS\SYSTEM32\POWRPROF.dll
0x00007fffbe810000 - 0x00007fffbe844000 	C:\WINDOWS\SYSTEM32\WINMM.dll
0x00007fffbdcf0000 - 0x00007fffbdcfa000 	C:\WINDOWS\SYSTEM32\VERSION.dll
0x00007fffc7af0000 - 0x00007fffc7b03000 	C:\WINDOWS\SYSTEM32\UMPDC.dll
0x00007fffc7da0000 - 0x00007fffc7db8000 	C:\WINDOWS\SYSTEM32\kernel.appcore.dll
0x00007fffaba40000 - 0x00007fffaba4a000 	C:\Java\jdk-21.0.1\bin\jimage.dll
0x00007fffc6600000 - 0x00007fffc6832000 	C:\WINDOWS\SYSTEM32\DBGHELP.DLL
0x00007fffca6d0000 - 0x00007fffcaa5e000 	C:\WINDOWS\System32\combase.dll
0x00007fffcb6d0000 - 0x00007fffcb7a7000 	C:\WINDOWS\System32\OLEAUT32.dll
0x00007fffb8d50000 - 0x00007fffb8d82000 	C:\WINDOWS\SYSTEM32\dbgcore.DLL
0x00007fffc94d0000 - 0x00007fffc954b000 	C:\WINDOWS\System32\bcryptPrimitives.dll
0x00007fffbf6b0000 - 0x00007fffbf6bf000 	C:\Java\jdk-21.0.1\bin\instrument.dll
0x00007fffaaa80000 - 0x00007fffaaa9f000 	C:\Java\jdk-21.0.1\bin\java.dll
0x00007fffcaba0000 - 0x00007fffcb409000 	C:\WINDOWS\System32\SHELL32.dll
0x00007fffc69f0000 - 0x00007fffc72ef000 	C:\WINDOWS\SYSTEM32\windows.storage.dll
0x00007fffc68b0000 - 0x00007fffc69ef000 	C:\WINDOWS\SYSTEM32\wintypes.dll
0x00007fffca470000 - 0x00007fffca569000 	C:\WINDOWS\System32\SHCORE.dll
0x00007fffcaa60000 - 0x00007fffcaabe000 	C:\WINDOWS\System32\shlwapi.dll
0x00007fffc8bd0000 - 0x00007fffc8bf7000 	C:\WINDOWS\SYSTEM32\profapi.dll
0x00007fff65b20000 - 0x00007fff65bf7000 	C:\Java\jdk-21.0.1\bin\jsvml.dll
0x00007fffaa280000 - 0x00007fffaa298000 	C:\Java\jdk-21.0.1\bin\zip.dll
0x00007fffab000000 - 0x00007fffab010000 	C:\JAVA\jdk-21.0.1\bin\net.dll
0x00007fffc0c00000 - 0x00007fffc0d36000 	C:\WINDOWS\SYSTEM32\WINHTTP.dll
0x00007fffc8200000 - 0x00007fffc8269000 	C:\WINDOWS\system32\mswsock.dll
0x00007fffaa3b0000 - 0x00007fffaa3c6000 	C:\JAVA\jdk-21.0.1\bin\nio.dll
0x00007fffbe5f0000 - 0x00007fffbe60a000 	C:\Program Files\JetBrains\IntelliJ IDEA Community Edition 2023.1\bin\breakgen64.dll
0x00007fffaa300000 - 0x00007fffaa307000 	C:\JAVA\jdk-21.0.1\bin\extnet.dll
0x00007fffc7570000 - 0x00007fffc7672000 	C:\WINDOWS\SYSTEM32\DNSAPI.dll
0x00007fffc7540000 - 0x00007fffc756d000 	C:\WINDOWS\SYSTEM32\IPHLPAPI.DLL
0x00007fffc96c0000 - 0x00007fffc96c9000 	C:\WINDOWS\System32\NSI.dll
0x00007fffbfdf0000 - 0x00007fffbfdfa000 	C:\Windows\System32\rasadhlp.dll
0x00007fffc0fb0000 - 0x00007fffc1033000 	C:\WINDOWS\System32\fwpuclnt.dll

dbghelp: loaded successfully - version: 4.0.5 - missing functions: none
symbol engine: initialized successfully - sym options: 0x614 - pdb path: .;C:\Java\jdk-21.0.1\bin;C:\Program Files\Cylance\Desktop;C:\WINDOWS\SYSTEM32;C:\WINDOWS\WinSxS\amd64_microsoft.windows.common-controls_6595b64144ccf1df_6.0.22621.3672_none_2713b9d173822955;C:\Java\jdk-21.0.1\bin\server;C:\Program Files\JetBrains\IntelliJ IDEA Community Edition 2023.1\bin

VM Arguments:
jvm_args: -ea -Djunit.jupiter.execution.parallel.enabled=true -Djunit.jupiter.execution.parallel.mode.default=concurrent -Didea.test.cyclic.buffer.size=1048576 -javaagent:C:\Program Files\JetBrains\IntelliJ IDEA Community Edition 2023.1\lib\idea_rt.jar=57566:C:\Program Files\JetBrains\IntelliJ IDEA Community Edition 2023.1\bin -Dfile.encoding=UTF-8 -Dsun.stdout.encoding=UTF-8 -Dsun.stderr.encoding=UTF-8 
java_command: com.intellij.rt.junit.JUnitStarter -ideVersion5 -junit5 @w@C:\Users\rafbac\AppData\Local\Temp\idea_working_dirs_junit.tmp @C:\Users\rafbac\AppData\Local\Temp\idea_junit.tmp -socket57565
java_class_path (initial): C:\Users\rafbac\.m2\repository\org\junit\platform\junit-platform-launcher\1.11.3\junit-platform-launcher-1.11.3.jar;C:\Program Files\JetBrains\IntelliJ IDEA Community Edition 2023.1\lib\idea_rt.jar;C:\Program Files\JetBrains\IntelliJ IDEA Community Edition 2023.1\plugins\junit\lib\junit5-rt.jar;C:\Program Files\JetBrains\IntelliJ IDEA Community Edition 2023.1\plugins\junit\lib\junit-rt.jar;C:\Users\rafbac\OneDrive - Fideltronik Poland\Dokumenty\_____PRIV___\Java2024\FakeStoreTestsPOM2024\target\test-classes;C:\Users\rafbac\OneDrive - Fideltronik Poland\Dokumenty\_____PRIV___\Java2024\FakeStoreTestsPOM2024\target\classes;C:\Users\rafbac\.m2\repository\org\junit\jupiter\junit-jupiter-api\5.11.3\junit-jupiter-api-5.11.3.jar;C:\Users\rafbac\.m2\repository\org\opentest4j\opentest4j\1.3.0\opentest4j-1.3.0.jar;C:\Users\rafbac\.m2\repository\org\junit\platform\junit-platform-commons\1.11.3\junit-platform-commons-1.11.3.jar;C:\Users\rafbac\.m2\repository\org\apiguardian\apiguardian-api\1.1.2\apiguardian-api-1.1.2.jar;C:\Users\rafbac\.m2\repository\org\seleniumhq\selenium\selenium-java\4.19.1\selenium-java-4.19.1.jar;C:\Users\rafbac\.m2\repository\org\seleniumhq\selenium\selenium-api\4.19.1\selenium-api-4.19.1.jar;C:\Users\rafbac\.m2\repository\org\seleniumhq\selenium\selenium-chrome-driver\4.19.1\selenium-chrome-driver-4.19.1.jar;C:\Users\rafbac\.m2\repository\com\google\auto\service\auto-service-annotations\1.1.1\auto-service-annotations-1.1.1.jar;C:\Users\rafbac\.m2\repository\org\seleniumhq\selenium\selenium-chromium-driver\4.19.1\selenium-chromium-driver-4.19.1.jar;C:\Users\rafbac\.m2\repository\org\seleniumhq\selenium\selenium-json\4.19.1\selenium-json-4.19.1.jar;C:\Users\rafbac\.m2\repository\org\seleniumhq\selenium\selenium-manager\4.19.1\selenium-manager-4.19.1.jar;C:\Users\rafbac\.m2\repository\org\seleniumhq\selenium\selenium-devtools-v121\4.19.1\selenium-devtools-v121-4.19.1.jar;C:\Users\rafbac\.m2\repository\org\seleniumhq\selenium\selenium-devtools-v122\4.19.1\selenium-devtools-v122-4.19.1.jar;C:\Users\rafbac\.m2\repository\org\seleniumhq\selenium\selenium-devtools-v123\4.19.1\selenium-devtools-v123-4.19.1.jar;C:\Users\rafbac\.m2\repository\org\seleniumhq\selenium\selenium-devtools-v85\4.19.1\selenium-devtools-v85-4.19.1.jar;C:\Users\rafbac\.m2\repository\org\seleniumhq\selenium\selenium-edge-driver\4.19.1\selenium-edge-driver-4.19.1.jar;C:\Users\rafbac\.m2\repository\org\seleniumhq\selenium\selenium-firefox-driver\4.19.1\selenium-firefox-driver-4.19.1.jar;C:\Users\rafbac\.m2\repository\org\seleniumhq\selenium\selenium-http\4.19.1\selenium-http-4.19.1.jar;C:\Users\rafbac\.m2\repository\dev\failsafe\failsafe\3.3.2\failsafe-3.3.2.jar;C:\Users\rafbac\.m2\repository\org\seleniumhq\selenium\selenium-ie-driver\4.19.1\selenium-ie-driver-4.19.1.jar;C:\Users\rafbac\.m2\repository\org\seleniumhq\selenium\selenium-remote-driver\4.19.1\selenium-remote-driver-4.19.1.jar;C:\Users\rafbac\.m2\repository\com\google\guava\guava\33.1.0-jre\guava-33.1.0-jre.jar;C:\Users\rafbac\.m2\repository\com\google\guava\failureaccess\1.0.2\failureaccess-1.0.2.jar;C:\Users\rafbac\.m2\repository\com\google\guava\listenablefuture\9999.0-empty-to-avoid-conflict-with-guava\listenablefuture-9999.0-empty-to-avoid-conflict-with-guava.jar;C:\Users\rafbac\.m2\repository\com\google\code\findbugs\jsr305\3.0.2\jsr305-3.0.2.jar;C:\Users\rafbac\.m2\repository\org\checkerframework\checker-qual\3.42.0\checker-qual-3.42.0.jar;C:\Users\rafbac\.m2\repository\com\google\errorprone\error_prone_annotations\2.26.1\error_prone_annotations-2.26.1.jar;C:\Users\rafbac\.m2\repository\com\google\j2objc\j2objc-annotations\3.0.0\j2objc-annotations-3.0.0.jar;C:\Users\rafbac\.m2\repository\io\opentelemetry\semconv\opentelemetry-semconv\1.23.1-alpha\opentelemetry-semconv-1.23.1-alpha.jar;C:\Users\rafbac\.m2\repository\io\opentelemetry\opentelemetry-api\1.36.0\opentelemetry-api-1.36.0.jar;C:\Users\rafbac\.m2\repository\io\opentelemetry\opentelemetry-context\1.36.0\opentelemetry-context-1.36.0.jar;C:\Users\rafbac\.m2\repository\io\opentelemetry\opentelemetry-exporter-logging\1.36.0\opentelemetry-exporter-logging-1.36.0.jar;C:\Users\rafbac\.m2\repository\io\opentelemetry\opentelemetry-sdk-common\1.36.0\opentelemetry-sdk-common-1.36.0.jar;C:\Users\rafbac\.m2\repository\io\opentelemetry\opentelemetry-sdk-extension-autoconfigure-spi\1.36.0\opentelemetry-sdk-extension-autoconfigure-spi-1.36.0.jar;C:\Users\rafbac\.m2\repository\io\opentelemetry\opentelemetry-sdk-extension-autoconfigure\1.36.0\opentelemetry-sdk-extension-autoconfigure-1.36.0.jar;C:\Users\rafbac\.m2\repository\io\opentelemetry\opentelemetry-api-events\1.36.0-alpha\opentelemetry-api-events-1.36.0-alpha.jar;C:\Users\rafbac\.m2\repository\io\opentelemetry\opentelemetry-sdk-trace\1.36.0\opentelemetry-sdk-trace-1.36.0.jar;C:\Users\rafbac\.m2\repository\io\opentelemetry\opentelemetry-extension-incubator\1.36.0-alpha\opentelemetry-extension-incubator-1.36.0-alpha.jar;C:\Users\rafbac\.m2\repository\io\opentelemetry\opentelemetry-sdk\1.36.0\opentelemetry-sdk-1.36.0.jar;C:\Users\rafbac\.m2\repository\io\opentelemetry\opentelemetry-sdk-metrics\1.36.0\opentelemetry-sdk-metrics-1.36.0.jar;C:\Users\rafbac\.m2\repository\io\opentelemetry\opentelemetry-sdk-logs\1.36.0\opentelemetry-sdk-logs-1.36.0.jar;C:\Users\rafbac\.m2\repository\net\bytebuddy\byte-buddy\1.14.12\byte-buddy-1.14.12.jar;C:\Users\rafbac\.m2\repository\org\seleniumhq\selenium\selenium-os\4.19.1\selenium-os-4.19.1.jar;C:\Users\rafbac\.m2\repository\org\apache\commons\commons-exec\1.3\commons-exec-1.3.jar;C:\Users\rafbac\.m2\repository\org\seleniumhq\selenium\selenium-safari-driver\4.19.1\selenium-safari-driver-4.19.1.jar;C:\Users\rafbac\.m2\repository\org\seleniumhq\selenium\selenium-support\4.19.1\selenium-support-4.19.1.jar;C:\Users\rafbac\.m2\repository\org\junit\jupiter\junit-jupiter-params\5.11.3\junit-jupiter-params-5.11.3.jar;C:\Users\rafbac\.m2\repository\org\junit\jupiter\junit-jupiter-engine\5.11.3\junit-jupiter-engine-5.11.3.jar;C:\Users\rafbac\.m2\repository\org\junit\platform\junit-platform-engine\1.11.3\junit-platform-engine-1.11.3.jar
Launcher Type: SUN_STANDARD

[Global flags]
     intx CICompilerCount                          = 4                                         {product} {ergonomic}
     uint ConcGCThreads                            = 3                                         {product} {ergonomic}
     uint G1ConcRefinementThreads                  = 10                                        {product} {ergonomic}
   size_t G1HeapRegionSize                         = 4194304                                   {product} {ergonomic}
    uintx GCDrainStackTargetSize                   = 64                                        {product} {ergonomic}
   size_t InitialHeapSize                          = 532676608                                 {product} {ergonomic}
   size_t MarkStackSize                            = 4194304                                   {product} {ergonomic}
   size_t MaxHeapSize                              = 8497659904                                {product} {ergonomic}
   size_t MaxNewSize                               = 5096079360                                {product} {ergonomic}
   size_t MinHeapDeltaBytes                        = 4194304                                   {product} {ergonomic}
   size_t MinHeapSize                              = 8388608                                   {product} {ergonomic}
    uintx NonNMethodCodeHeapSize                   = 5839372                                {pd product} {ergonomic}
    uintx NonProfiledCodeHeapSize                  = 122909434                              {pd product} {ergonomic}
    uintx ProfiledCodeHeapSize                     = 122909434                              {pd product} {ergonomic}
    uintx ReservedCodeCacheSize                    = 251658240                              {pd product} {ergonomic}
     bool SegmentedCodeCache                       = true                                      {product} {ergonomic}
   size_t SoftMaxHeapSize                          = 8497659904                             {manageable} {ergonomic}
     bool UseCompressedOops                        = true                           {product lp64_product} {ergonomic}
     bool UseG1GC                                  = true                                      {product} {ergonomic}
     bool UseLargePagesIndividualAllocation        = false                                  {pd product} {ergonomic}

Logging:
Log output configuration:
 #0: stdout all=warning uptime,level,tags foldmultilines=false
 #1: stderr all=off uptime,level,tags foldmultilines=false

Environment Variables:
JAVA_HOME=C:\Program Files\Amazon Corretto\jdk11.0.15_9
PATH=C:\Program Files\Amazon Corretto\jdk11.0.15_9\bin;C:\ProgramData\Oracle\Java\javapath;C:\Python312\Scripts\;C:\Python312\;C:\Program Files\Zulu\zulu-21\bin\;C:\Program Files (x86)\Common Files\Oracle\Java\javapath;C:\oracle\ora10\bin;C:\Windows\system32;C:\Windows;C:\Windows\System32\Wbem;C:\Windows\System32\WindowsPowerShell\v1.0\;C:\Windows\System32\OpenSSH\;C:\Program Files\dotnet\;C:\Program Files (x86)\NVIDIA Corporation\PhysX\Common;C:\WINDOWS\system32;C:\WINDOWS;C:\WINDOWS\System32\Wbem;C:\WINDOWS\System32\WindowsPowerShell\v1.0\;C:\WINDOWS\System32\OpenSSH\;C:\Program Files (x86)\Gpg4win\..\GnuPG\bin;C:\Program Files\Git\cmd;C:\Program Files\Docker\Docker\resources\bin;C:\Program Files\nodejs\;C:\ProgramData\chocolatey\bin;C:\Users\rafbac\AppData\Local\Microsoft\WindowsApps;;C:\Users\rafbac\AppData\Local\Programs\Microsoft VS Code\bin;C:\Users\rafbac\AppData\Roaming\npm
USERNAME=rafbac
OS=Windows_NT
PROCESSOR_IDENTIFIER=Intel64 Family 6 Model 165 Stepping 2, GenuineIntel
TMP=C:\Users\rafbac\AppData\Local\Temp
TEMP=C:\Users\rafbac\AppData\Local\Temp




Periodic native trim disabled

---------------  S Y S T E M  ---------------

OS:
 Windows 11 , 64 bit Build 22621 (10.0.22621.3958)
OS uptime: 21 days 1:34 hours
Hyper-V role detected

CPU: total 12 (initial active 12) (6 cores per cpu, 2 threads per core) family 6 model 165 stepping 2 microcode 0xf4, cx8, cmov, fxsr, ht, mmx, 3dnowpref, sse, sse2, sse3, ssse3, sse4.1, sse4.2, popcnt, lzcnt, tsc, tscinvbit, avx, avx2, aes, erms, clmul, bmi1, bmi2, adx, fma, vzeroupper, clflush, clflushopt, hv, rdtscp, f16c
Processor Information for all 12 processors :
  Max Mhz: 2592, Current Mhz: 2592, Mhz Limit: 2592

Memory: 4k page, system-wide physical 32401M (5597M free)
TotalPageFile size 93294M (AvailPageFile size 5M)
current process WorkingSet (physical memory assigned to process): 135M, peak: 135M
current process commit charge ("private bytes"): 666M, peak: 669M

vm_info: OpenJDK 64-Bit Server VM (21.0.1+12-29) for windows-amd64 JRE (21.0.1+12-29), built on 2023-10-05T13:27:09Z by "mach5one" with MS VC++ 17.1 (VS2022)

END.
